[00:58:56] [main/INFO]: Loading Minecraft 1.21 with Fabric Loader 0.16.10
[00:58:56] [main/WARN]: Warnings were found!
 - Mod 'Bridging Mod' (bridgingmod) 2.4.0+1.21 recommends version 11.0.0 or later of modmenu, which is missing!
	 - You should install version 11.0.0 or later of modmenu for the optimal experience.
 - Mod 'Forge Config API Port' (forgeconfigapiport) 21.0.8 recommends any version of modmenu, which is missing!
	 - You should install any version of modmenu for the optimal experience.
[00:58:56] [main/INFO]: Loading 131 mods:
	- anything 1.1.0+mc1.21
	- archers 2.2.5+1.21.1
	   |-- com_github_zsoltmolnarrr_tinyconfig 2.3.2
	   \-- structure_pool_api 1.1.3+1.21.1
	- architectury 13.0.8
	- azurelibarmor 2.3.2
	- biomesoplenty 21.0.0.18
	- bridgingmod 2.4.0+1.21
	- carryon 2.2.1
	- cloth-config 15.0.140
	   \-- cloth-basic-math 0.6.1
	- collective 7.87
	- creativecore 2.12.9
	   \-- net_neoforged_bus 7.2.0
	- cristellib 1.2.8
	   \-- blue_endless_jankson 1.2.3
	- croptopia 3.0.9
	- enhancedvisuals 1.8.9
	- epherolib 1.2.0-1.20.6
	- fabric-api 0.102.0+1.21
	   |-- fabric-api-base 0.4.42+6573ed8cd1
	   |-- fabric-api-lookup-api-v1 1.6.68+b5597344d1
	   |-- fabric-biome-api-v1 13.0.29+5bd9f1bcd1
	   |-- fabric-block-api-v1 1.0.22+0af3f5a7d1
	   |-- fabric-block-view-api-v2 1.0.10+6573ed8cd1
	   |-- fabric-blockrenderlayer-v1 1.1.52+0af3f5a7d1
	   |-- fabric-client-tags-api-v1 1.1.15+6573ed8cd1
	   |-- fabric-command-api-v1 1.2.49+f71b366fd1
	   |-- fabric-command-api-v2 2.2.28+6ced4dd9d1
	   |-- fabric-commands-v0 0.2.66+df3654b3d1
	   |-- fabric-content-registries-v0 8.0.16+b5597344d1
	   |-- fabric-convention-tags-v1 2.0.19+7f945d5bd1
	   |-- fabric-convention-tags-v2 2.5.0+c5e2b5c6d1
	   |-- fabric-crash-report-info-v1 0.2.29+0af3f5a7d1
	   |-- fabric-data-attachment-api-v1 1.1.27+6a6dfa19d1
	   |-- fabric-data-generation-api-v1 20.2.16+16c4ae25d1
	   |-- fabric-dimensions-v1 4.0.0+6fc22b99d1
	   |-- fabric-entity-events-v1 1.6.12+6fc22b99d1
	   |-- fabric-events-interaction-v0 0.7.12+ba9dae06d1
	   |-- fabric-game-rule-api-v1 1.0.53+6ced4dd9d1
	   |-- fabric-item-api-v1 11.0.0+afdfc921d1
	   |-- fabric-item-group-api-v1 4.1.4+78017270d1
	   |-- fabric-key-binding-api-v1 1.0.47+0af3f5a7d1
	   |-- fabric-keybindings-v0 0.2.45+df3654b3d1
	   |-- fabric-lifecycle-events-v1 2.3.12+6c1df360d1
	   |-- fabric-loot-api-v2 3.0.14+3f89f5a5d1
	   |-- fabric-loot-api-v3 1.0.2+3f89f5a5d1
	   |-- fabric-message-api-v1 6.0.13+6573ed8cd1
	   |-- fabric-model-loading-api-v1 2.0.0+fe474d6bd1
	   |-- fabric-networking-api-v1 4.2.2+60c3209bd1
	   |-- fabric-object-builder-api-v1 15.2.0+a551f7a4d1
	   |-- fabric-particles-v1 4.0.2+6573ed8cd1
	   |-- fabric-recipe-api-v1 5.0.12+65089712d1
	   |-- fabric-registry-sync-v0 5.1.2+60c3209bd1
	   |-- fabric-renderer-api-v1 3.4.0+c705a49cd1
	   |-- fabric-renderer-indigo 1.7.0+c705a49cd1
	   |-- fabric-renderer-registries-v1 3.2.68+df3654b3d1
	   |-- fabric-rendering-data-attachment-v1 0.3.48+73761d2ed1
	   |-- fabric-rendering-fluids-v1 3.1.6+b5597344d1
	   |-- fabric-rendering-v0 1.1.71+df3654b3d1
	   |-- fabric-rendering-v1 5.0.5+df16efd0d1
	   |-- fabric-resource-conditions-api-v1 4.3.0+8dc279b1d1
	   |-- fabric-resource-loader-v0 1.3.0+56599129d1
	   |-- fabric-screen-api-v1 2.0.24+b5597344d1
	   |-- fabric-screen-handler-api-v1 1.3.86+b5597344d1
	   |-- fabric-sound-api-v1 1.0.23+6573ed8cd1
	   |-- fabric-transfer-api-v1 5.1.16+3dccd343d1
	   \-- fabric-transitive-access-wideners-v1 6.1.0+176f9036d1
	- fabricloader 0.16.10
	   \-- mixinextras 0.4.1
	- forgeconfigapiport 21.0.8
	   |-- com_electronwill_night-config_core 3.8.0
	   \-- com_electronwill_night-config_toml 3.8.0
	- fusion 1.2.2+a
	- geckolib 4.5.8
	- glitchcore 2.0.0.3
	   \-- net_jodah_typetools 0.6.3
	- grabbymobs 1.6
	- healingcampfire 6.1
	- jade 15.1.5+fabric
	- java 23
	- jewelry 2.0.5+1.21.1
	   \-- com_github_zsoltmolnarrr_tinyconfig 2.3.2
	- magistuarmory 9.22
	- mcwdoors 1.1.1
	- mcwfences 1.1.2
	- mcwtrpdoors 1.1.4
	- mcwwindows 2.3.2
	- minecraft 1.21
	- mns 1.0.7-1.21-fabric
	- moonlight 1.21-2.17.12
	- mr_dungeons_andtaverns 1-v4.4.4
	- mvs 4.2.8-1.21-fabric
	- oreharvester 1.4
	- paladins 2.2.4+1.21.1
	   |-- com_github_zsoltmolnarrr_tinyconfig 2.3.2
	   \-- shield_api 2.0.2+1.21.1
	- playeranimator 2.0.1+1.21.1
	- polymorph 1.0.7+1.21.1
	   |-- cardinal-components-base 6.1.0
	   |-- cardinal-components-block 6.1.0
	   \-- cardinal-components-entity 6.1.0
	- puzzleslib 21.0.28
	- ranged_weapon_api 2.0.5+1.21.1
	- rechiseled 1.1.6+b
	- regions_unexplored 0.5.6.1
	- replantingcrops 5.4
	- resourcefulconfig 3.0.8
	- resourcefullib 3.0.12
	   |-- com_teamresourceful_bytecodecs 1.1.2
	   \-- com_teamresourceful_yabn 1.0.3
	- rogues 2.2.4+1.21.1
	   \-- com_github_zsoltmolnarrr_tinyconfig 2.3.2
	- roughlyenoughitems 16.0.788
	   \-- error_notifier 1.0.11
	- runes 1.0.3+1.21.1
	- smallships 2.0.0-b2.1
	- spell_engine 1.3.2+1.21.1
	   \-- com_github_zsoltmolnarrr_tinyconfig 2.3.2
	- spell_power 1.1.2+1.21.1
	   \-- com_github_zsoltmolnarrr_tinyconfig 2.3.2
	- supermartijn642configlib 1.1.8
	- supermartijn642corelib 1.1.18+a
	- supplementaries 1.21-3.0.30-beta
	   \-- mixinsquared 0.1.1
	- t_and_t 1.13.2
	- terrablender 4.0.0.2
	- terralith 2.5.8
	- toughasnails 10.0.0.12
	   \-- net_jodah_typetools 0.6.3
	- travelersbackpack 10.1.8
	- trinkets 3.10.0
	   |-- cardinal-components-base 6.1.0
	   \-- cardinal-components-entity 6.1.0
	- universal-graves 3.4.4+1.21
	   |-- common-protection-api 1.0.0
	   |-- fabric-permissions-api-v0 0.2-SNAPSHOT
	   |-- placeholder-api 2.4.1+1.21
	   |-- polymer-core 0.9.14+1.21.1
	   |    |-- polymer-networking 0.9.14+1.21.1
	   |    |    \-- polymer-common 0.9.14+1.21.1
	   |    |         \-- packet_tweaker 0.5.5+1.21
	   |    \-- polymer-registry-sync-manipulator 0.9.14+1.21.1
	   |-- polymer-resource-pack 0.9.14+1.21.1
	   |    \-- polymer-common 0.9.14+1.21.1
	   |         \-- packet_tweaker 0.5.5+1.21
	   |-- polymer-virtual-entity 0.9.14+1.21.1
	   |    \-- polymer-common 0.9.14+1.21.1
	   |         \-- packet_tweaker 0.5.5+1.21
	   |-- predicate-api 0.5.1+1.21
	   |-- server_translations_api 2.3.1+1.21-pre2
	   \-- sgui 1.6.0+1.21
	- villagernames 8.1
	- visualworkbench 21.0.5
	- wizards 2.2.5+1.21.1
	   |-- com_github_zsoltmolnarrr_tinyconfig 2.3.2
	   \-- structure_pool_api 1.1.3+1.21.1
[00:58:58] [main/INFO]: SpongePowered MIXIN Subsystem Version=0.8.7 Source=file:/C:/Minecraft%20Server/libraries/net/fabricmc/sponge-mixin/0.15.4+mixin.0.8.7/sponge-mixin-0.15.4+mixin.0.8.7.jar Service=Knot/Fabric Env=SERVER
[00:59:05] [main/INFO]: Compatibility level set to JAVA_17
[00:59:05] [main/INFO]: Compatibility level set to JAVA_21
[00:59:05] [main/WARN]: Reference map 'forgeconfigapiport.common.refmap.json' for forgeconfigapiport.common.mixins.json could not be read. If this is a development environment you can ignore this message
[00:59:05] [main/WARN]: Reference map 'rechiseled.mixins.refmap.json' for rechiseled.mixins.json could not be read. If this is a development environment you can ignore this message
[00:59:05] [main/WARN]: Reference map 'supermartijn642configlib.mixins.refmap.json' for supermartijn642configlib.mixins.json could not be read. If this is a development environment you can ignore this message
[00:59:05] [main/WARN]: Reference map 'visualworkbench.fabric.refmap.json' for visualworkbench.fabric.mixins.json could not be read. If this is a development environment you can ignore this message
[00:59:05] [main/WARN]: Error loading class: net/minecraft/class_465 (java.lang.ClassNotFoundException: net/minecraft/class_465)
[00:59:05] [main/WARN]: @Mixin target net.minecraft.class_465 was not found creativecore.fabric.mixins.json:AbstractContainerScreenMixin from mod creativecore
[00:59:06] [main/WARN]: Error loading class: me/shedaniel/rei/impl/client/gui/widget/InternalWidgets (java.lang.RuntimeException: Cannot load class me.shedaniel.rei.impl.client.gui.widget.InternalWidgets in environment type SERVER)
[00:59:06] [main/WARN]: @Mixin target me.shedaniel.rei.impl.client.gui.widget.InternalWidgets was not found polymorph-compatibility.fabric.mixins.json:roughlyenoughitems.MixinInternalWidgets from mod polymorph
[00:59:06] [main/WARN]: Error loading class: vectorwing/farmersdelight/common/block/TomatoVineBlock (java.lang.ClassNotFoundException: vectorwing/farmersdelight/common/block/TomatoVineBlock)
[00:59:06] [main/WARN]: Error loading class: me/jellysquid/mods/sodium/client/render/chunk/compile/pipeline/FluidRenderer (java.lang.ClassNotFoundException: me/jellysquid/mods/sodium/client/render/chunk/compile/pipeline/FluidRenderer)
[00:59:06] [main/WARN]: Error loading class: com/simibubi/create/content/kinetics/base/BlockBreakingKineticBlockEntity (java.lang.ClassNotFoundException: com/simibubi/create/content/kinetics/base/BlockBreakingKineticBlockEntity)
[00:59:06] [main/WARN]: Error loading class: net/fabricmc/fabric/api/client/rendering/v1/EntityModelLayerRegistry$TexturedModelDataProvider (java.lang.ClassNotFoundException: net/fabricmc/fabric/api/client/rendering/v1/EntityModelLayerRegistry$TexturedModelDataProvider)
[00:59:07] [main/INFO]: Initializing MixinExtras via com.llamalad7.mixinextras.service.MixinExtrasServiceImpl(version=0.4.1).
[00:59:17] [main/INFO]: [Regions Unexplored] generating and loading config
[00:59:18] [main/INFO]: Initializing...
[00:59:18] [main/INFO]: Registered 3825 items for 425 blocks.
[00:59:19] [main/INFO]: Loading Collective version 7.87.
[00:59:19] [main/INFO]: Creating default config file: croptopia_v3.conf
[00:59:20] [main/INFO]: Registered synced config with path toughasnails/thirst.toml
[00:59:20] [main/INFO]: Registered synced config with path toughasnails/temperature.toml
[00:59:20] [main/ERROR]: No data fixer registered for biomesoplenty:boat
[00:59:20] [main/ERROR]: No data fixer registered for biomesoplenty:chest_boat
[00:59:20] [main/ERROR]: No data fixer registered for anomaly
[00:59:21] [main/ERROR]: No data fixer registered for water_purifier
[00:59:21] [main/ERROR]: No data fixer registered for temperature_gauge
[00:59:21] [main/ERROR]: No data fixer registered for thermoregulator
[00:59:21] [main/INFO]: [STDERR]: Failed to resolve EntityAttribute with id: combat_roll:recharge
[00:59:21] [main/INFO]: [STDERR]: Failed to resolve EntityAttribute with id: combat_roll:count
[00:59:21] [main/INFO]: [STDERR]: Failed to resolve EntityAttribute with id: combat_roll:count
[00:59:21] [main/INFO]: Registering C2S receiver with id magistuarmory:packet_lance_collision
[00:59:22] [main/INFO]: Constructing common components for puzzleslib:main
[00:59:23] [main/INFO]: Initializing Regions Unexplored from Fabric Mod Initializer entrypoint.
[00:59:24] [main/INFO]: Registering C2S receiver with id roughlyenoughitems:request_tags_c2s
[00:59:24] [main/INFO]: [REI] Registered plugin provider DefaultPlugin [roughlyenoughitems] for REIPlugin
[00:59:24] [main/INFO]: [REI] Registered plugin provider DefaultRuntimePlugin [roughlyenoughitems] for REIPlugin
[00:59:24] [main/INFO]: [REI] Registered plugin provider DefaultPlugin [roughlyenoughitems] for REIServerPlugin
[00:59:24] [main/INFO]: [REI] Registered plugin provider DefaultRuntimePlugin [roughlyenoughitems] for REIServerPlugin
[00:59:24] [main/INFO]: [REI] Registered plugin provider FabricFluidAPISupportPlugin for REIServerPlugin
[00:59:24] [main/INFO]: [REI] Registered plugin provider FabricFluidAPISupportPlugin for REIPlugin
[00:59:24] [main/INFO]: Registering C2S receiver with id roughlyenoughitems:delete_item
[00:59:24] [main/INFO]: Registering C2S receiver with id roughlyenoughitems:create_item
[00:59:24] [main/INFO]: Registering C2S receiver with id roughlyenoughitems:create_item_grab
[00:59:24] [main/INFO]: Registering C2S receiver with id roughlyenoughitems:create_item_hotbar
[00:59:24] [main/INFO]: Registering C2S receiver with id roughlyenoughitems:move_items
[00:59:24] [main/INFO]: Registering C2S receiver with id roughlyenoughitems:move_items_new
[00:59:24] [main/INFO]: Shield API initialized!
[00:59:24] [main/INFO]: Loaded config supplementaries-common.json
[00:59:25] [main/INFO]: Registered region minecraft:overworld to index 0 for type OVERWORLD
[00:59:25] [main/INFO]: Registered region minecraft:nether to index 0 for type NETHER
[00:59:25] [main/INFO]: Registered region biomesoplenty:overworld_primary to index 1 for type OVERWORLD
[00:59:25] [main/INFO]: Registered region biomesoplenty:overworld_secondary to index 2 for type OVERWORLD
[00:59:25] [main/INFO]: Registered region biomesoplenty:overworld_rare to index 3 for type OVERWORLD
[00:59:25] [main/INFO]: Registered region biomesoplenty:nether_common to index 1 for type NETHER
[00:59:25] [main/INFO]: Registered region biomesoplenty:nether_rare to index 2 for type NETHER
[00:59:25] [main/INFO]: Already initialized Regions Unexplored from Fabric Mod Initializer entrypoint.
[00:59:25] [main/INFO]: Registered region regions_unexplored:primary to index 4 for type OVERWORLD
[00:59:25] [main/INFO]: Registered region regions_unexplored:secondary to index 5 for type OVERWORLD
[00:59:25] [main/INFO]: Registered region regions_unexplored:nether to index 3 for type NETHER
[00:59:26] [main/ERROR]: No data fixer registered for 
[00:59:26] [main/INFO]: Registered the FluidEffect with Unique ID of minecraft:water for Water (Fluid Amount Required: 81000) with the ID 0
[00:59:26] [main/INFO]: Registered the FluidEffect with Unique ID of minecraft:lava for Lava (Fluid Amount Required: 81000) with the ID 1
[00:59:26] [main/INFO]: Registered the FluidEffect with Unique ID of travelersbackpack:potion for block.travelersbackpack.potion_still (Fluid Amount Required: 27000) with the ID 2
[00:59:26] [main/INFO]: Registered the FluidEffect with Unique ID of minecraft:milk for Air (Fluid Amount Required: 81000) with the ID 3
[00:59:26] [main/INFO]: Registered the FluidEffect with Unique ID of toughasnails:potion for block.travelersbackpack.potion_still (Fluid Amount Required: 27000) with the ID 4
[00:59:26] [main/INFO]: Registered the FluidEffect with Unique ID of toughasnails:water_canteen for Water (Fluid Amount Required: 200) with the ID 5
[00:59:26] [main/INFO]: Registered the FluidEffect with Unique ID of toughasnails:water for Water (Fluid Amount Required: 81000) with the ID 6
[00:59:26] [main/INFO]: [Collective] JSON file 'entity_names.json' generation requested by mod 'villagernames'.
[00:59:26] [main/INFO]: Constructing common components for visualworkbench:main
[00:59:26] [main/INFO]: Dispatching loading event for config visualworkbench-common.toml
[00:59:27] [main/INFO]: Initialized block sets in 49ms
[00:59:27] [main/ERROR]: No data fixer registered for dispenser_minecart
[00:59:27] [main/ERROR]: No data fixer registered for falling_urn
[00:59:27] [main/ERROR]: No data fixer registered for falling_ash
[00:59:27] [main/ERROR]: No data fixer registered for falling_sack
[00:59:27] [main/ERROR]: No data fixer registered for brick_projectile
[00:59:27] [main/ERROR]: No data fixer registered for slimeball_projectile
[00:59:27] [main/ERROR]: No data fixer registered for bomb
[00:59:27] [main/ERROR]: No data fixer registered for cannonball
[00:59:27] [main/ERROR]: No data fixer registered for rope_arrow
[00:59:27] [main/ERROR]: No data fixer registered for slingshot_projectile
[00:59:28] [main/INFO]: Initialized color sets in 97ms
[00:59:28] [main/INFO]: Finished mod setup in: [0, 11, 0, 4, 30, 7, 0] ms
[00:59:28] [main/INFO]: Environment: Environment[sessionHost=https://sessionserver.mojang.com, servicesHost=https://api.minecraftservices.com, name=PROD]
[00:59:28] [main/INFO]: Generated runtime SERVER_DATA for pack supplementaries:generated_pack (Supplementaries) in: 53 ms
[00:59:33] [main/ERROR]: Parsing error loading recipe magistuarmory:blacksmith_hammer
com.google.gson.JsonParseException: No key id in MapLike[{"item":"magistuarmory:blacksmith_hammer","count":1}]
	at knot/com.mojang.serialization.DataResult$Error.getOrThrow(DataResult.java:287) ~[datafixerupper-8.0.16.jar:?]
	at knot/net.minecraft.class_1863.method_20705(class_1863.java:62) ~[server-intermediary.jar:?]
	at knot/net.minecraft.class_1863.method_18788(class_1863.java:35) ~[server-intermediary.jar:?]
	at knot/net.minecraft.class_4080.method_18790(class_4080.java:13) ~[server-intermediary.jar:?]
	at java.base/java.util.concurrent.CompletableFuture$UniAccept.tryFire(CompletableFuture.java:762) ~[?:?]
	at java.base/java.util.concurrent.CompletableFuture$Completion.run(CompletableFuture.java:526) ~[?:?]
	at knot/net.minecraft.class_4014.method_18365(class_4014.java:69) ~[server-intermediary.jar:?]
	at knot/net.minecraft.class_156.method_43498(class_156.java:1024) [server-intermediary.jar:?]
	at knot/net.minecraft.class_156.method_43499(class_156.java:1012) [server-intermediary.jar:?]
	at knot/net.minecraft.server.Main.main(Main.java:182) [server-intermediary.jar:?]
	at net.fabricmc.loader.impl.game.minecraft.MinecraftGameProvider.launch(MinecraftGameProvider.java:480) [fabric-loader-0.16.10.jar:?]
	at net.fabricmc.loader.impl.launch.knot.Knot.launch(Knot.java:74) [fabric-loader-0.16.10.jar:?]
	at net.fabricmc.loader.impl.launch.knot.KnotServer.main(KnotServer.java:23) [fabric-loader-0.16.10.jar:?]
	at net.fabricmc.loader.impl.launch.server.FabricServerLauncher.main(FabricServerLauncher.java:69) [fabric-loader-0.16.10.jar:?]
[00:59:33] [main/ERROR]: Parsing error loading recipe magistuarmory:pitchfork
com.google.gson.JsonParseException: No key id in MapLike[{"item":"magistuarmory:pitchfork","count":1}]
	at knot/com.mojang.serialization.DataResult$Error.getOrThrow(DataResult.java:287) ~[datafixerupper-8.0.16.jar:?]
	at knot/net.minecraft.class_1863.method_20705(class_1863.java:62) ~[server-intermediary.jar:?]
	at knot/net.minecraft.class_1863.method_18788(class_1863.java:35) ~[server-intermediary.jar:?]
	at knot/net.minecraft.class_4080.method_18790(class_4080.java:13) ~[server-intermediary.jar:?]
	at java.base/java.util.concurrent.CompletableFuture$UniAccept.tryFire(CompletableFuture.java:762) ~[?:?]
	at java.base/java.util.concurrent.CompletableFuture$Completion.run(CompletableFuture.java:526) ~[?:?]
	at knot/net.minecraft.class_4014.method_18365(class_4014.java:69) ~[server-intermediary.jar:?]
	at knot/net.minecraft.class_156.method_43498(class_156.java:1024) [server-intermediary.jar:?]
	at knot/net.minecraft.class_156.method_43499(class_156.java:1012) [server-intermediary.jar:?]
	at knot/net.minecraft.server.Main.main(Main.java:182) [server-intermediary.jar:?]
	at net.fabricmc.loader.impl.game.minecraft.MinecraftGameProvider.launch(MinecraftGameProvider.java:480) [fabric-loader-0.16.10.jar:?]
	at net.fabricmc.loader.impl.launch.knot.Knot.launch(Knot.java:74) [fabric-loader-0.16.10.jar:?]
	at net.fabricmc.loader.impl.launch.knot.KnotServer.main(KnotServer.java:23) [fabric-loader-0.16.10.jar:?]
	at net.fabricmc.loader.impl.launch.server.FabricServerLauncher.main(FabricServerLauncher.java:69) [fabric-loader-0.16.10.jar:?]
[00:59:33] [main/ERROR]: Parsing error loading recipe magistuarmory:steel_ingot_blasting
com.google.gson.JsonParseException: Not a JSON object: "magistuarmory:steel_ingot"
	at knot/com.mojang.serialization.DataResult$Error.getOrThrow(DataResult.java:287) ~[datafixerupper-8.0.16.jar:?]
	at knot/net.minecraft.class_1863.method_20705(class_1863.java:62) ~[server-intermediary.jar:?]
	at knot/net.minecraft.class_1863.method_18788(class_1863.java:35) ~[server-intermediary.jar:?]
	at knot/net.minecraft.class_4080.method_18790(class_4080.java:13) ~[server-intermediary.jar:?]
	at java.base/java.util.concurrent.CompletableFuture$UniAccept.tryFire(CompletableFuture.java:762) ~[?:?]
	at java.base/java.util.concurrent.CompletableFuture$Completion.run(CompletableFuture.java:526) ~[?:?]
	at knot/net.minecraft.class_4014.method_18365(class_4014.java:69) ~[server-intermediary.jar:?]
	at knot/net.minecraft.class_156.method_43498(class_156.java:1024) [server-intermediary.jar:?]
	at knot/net.minecraft.class_156.method_43499(class_156.java:1012) [server-intermediary.jar:?]
	at knot/net.minecraft.server.Main.main(Main.java:182) [server-intermediary.jar:?]
	at net.fabricmc.loader.impl.game.minecraft.MinecraftGameProvider.launch(MinecraftGameProvider.java:480) [fabric-loader-0.16.10.jar:?]
	at net.fabricmc.loader.impl.launch.knot.Knot.launch(Knot.java:74) [fabric-loader-0.16.10.jar:?]
	at net.fabricmc.loader.impl.launch.knot.KnotServer.main(KnotServer.java:23) [fabric-loader-0.16.10.jar:?]
	at net.fabricmc.loader.impl.launch.server.FabricServerLauncher.main(FabricServerLauncher.java:69) [fabric-loader-0.16.10.jar:?]
[00:59:33] [main/ERROR]: Parsing error loading recipe magistuarmory:barbedclub
com.google.gson.JsonParseException: No key id in MapLike[{"item":"magistuarmory:barbedclub","count":1}]
	at knot/com.mojang.serialization.DataResult$Error.getOrThrow(DataResult.java:287) ~[datafixerupper-8.0.16.jar:?]
	at knot/net.minecraft.class_1863.method_20705(class_1863.java:62) ~[server-intermediary.jar:?]
	at knot/net.minecraft.class_1863.method_18788(class_1863.java:35) ~[server-intermediary.jar:?]
	at knot/net.minecraft.class_4080.method_18790(class_4080.java:13) ~[server-intermediary.jar:?]
	at java.base/java.util.concurrent.CompletableFuture$UniAccept.tryFire(CompletableFuture.java:762) ~[?:?]
	at java.base/java.util.concurrent.CompletableFuture$Completion.run(CompletableFuture.java:526) ~[?:?]
	at knot/net.minecraft.class_4014.method_18365(class_4014.java:69) ~[server-intermediary.jar:?]
	at knot/net.minecraft.class_156.method_43498(class_156.java:1024) [server-intermediary.jar:?]
	at knot/net.minecraft.class_156.method_43499(class_156.java:1012) [server-intermediary.jar:?]
	at knot/net.minecraft.server.Main.main(Main.java:182) [server-intermediary.jar:?]
	at net.fabricmc.loader.impl.game.minecraft.MinecraftGameProvider.launch(MinecraftGameProvider.java:480) [fabric-loader-0.16.10.jar:?]
	at net.fabricmc.loader.impl.launch.knot.Knot.launch(Knot.java:74) [fabric-loader-0.16.10.jar:?]
	at net.fabricmc.loader.impl.launch.knot.KnotServer.main(KnotServer.java:23) [fabric-loader-0.16.10.jar:?]
	at net.fabricmc.loader.impl.launch.server.FabricServerLauncher.main(FabricServerLauncher.java:69) [fabric-loader-0.16.10.jar:?]
[00:59:34] [main/INFO]: Loaded 9358 recipes
[00:59:34] [main/ERROR]: Couldn't load advancements: [minecraft:give_quest_trader_trade, minecraft:wander_add_map]
[00:59:34] [main/INFO]: Loaded 3258 advancements
[00:59:34] [main/INFO]: Applied 7 data villager trades
[00:59:34] [main/INFO]: Loaded 44 chiseling recipes
[00:59:34] [main/INFO]: [REI] ****************************************
[00:59:34] [main/INFO]: [REI] REIPlugin starting main-reload for START.
[00:59:34] [main/INFO]: [REI] Plugins (3):
[00:59:34] [main/INFO]: [REI]  - (-100.00) DefaultPlugin of DefaultPlugin [roughlyenoughitems]
[00:59:34] [main/INFO]: [REI]  - (0.00) FabricFluidAPISupportPlugin
[00:59:34] [main/INFO]: [REI]  - (0.00) DefaultRuntimePlugin of DefaultRuntimePlugin [roughlyenoughitems]
[00:59:34] [main/INFO]: [REI] ****************************************
[00:59:34] [main/INFO]: [REI] ~~~~~~~~~~~~~~~~~~~~~~~~~~~~~~~~~~~~~~~~
[00:59:34] [main/INFO]: [REI] REIServerPlugin starting main-reload for START.
[00:59:34] [main/INFO]: [REI] Plugins (3):
[00:59:34] [main/INFO]: [REI]  - (-100.00) DefaultPlugin of DefaultPlugin [roughlyenoughitems]
[00:59:34] [main/INFO]: [REI]  - (0.00) FabricFluidAPISupportPlugin
[00:59:34] [main/INFO]: [REI]  - (0.00) DefaultRuntimePlugin of DefaultRuntimePlugin [roughlyenoughitems]
[00:59:34] [main/INFO]: [REI] ~~~~~~~~~~~~~~~~~~~~~~~~~~~~~~~~~~~~~~~~
[00:59:34] [main/INFO]: [REI] REIPlugin finished post-reload for START in 1.640 ms, totaling 42.41 ms.
[00:59:34] [main/INFO]: [REI] REIServerPlugin finished post-reload for START in 587.0 μs, totaling 4.599 ms.
[00:59:34] [main/INFO]: [REI] ****************************************
[00:59:34] [main/INFO]: [REI] REIPlugin starting main-reload for END.
[00:59:34] [main/INFO]: [REI] Plugins (3):
[00:59:34] [main/INFO]: [REI]  - (-100.00) DefaultPlugin of DefaultPlugin [roughlyenoughitems]
[00:59:34] [main/INFO]: [REI]  - (0.00) FabricFluidAPISupportPlugin
[00:59:34] [main/INFO]: [REI]  - (0.00) DefaultRuntimePlugin of DefaultRuntimePlugin [roughlyenoughitems]
[00:59:34] [main/INFO]: [REI] ****************************************
[00:59:34] [main/INFO]: [REI] ****************************************
[00:59:34] [main/INFO]: [REI] REIServerPlugin starting main-reload for END.
[00:59:34] [main/INFO]: [REI] Plugins (3):
[00:59:34] [main/INFO]: [REI]  - (-100.00) DefaultPlugin of DefaultPlugin [roughlyenoughitems]
[00:59:34] [main/INFO]: [REI]  - (0.00) FabricFluidAPISupportPlugin
[00:59:34] [main/INFO]: [REI]  - (0.00) DefaultRuntimePlugin of DefaultRuntimePlugin [roughlyenoughitems]
[00:59:34] [main/INFO]: [REI] ****************************************
[00:59:34] [main/INFO]: [REI] REIPlugin finished post-reload for END in 1.101 ms, totaling 44.25 ms.
[00:59:34] [main/INFO]: [REI] REIServerPlugin finished post-reload for END in 494.0 μs, totaling 12.54 ms.
[00:59:34] [ForkJoinPool.commonPool-worker-1/INFO]: Loaded 58 translation keys
[00:59:34] [main/INFO]: Loaded 27 flute songs
[00:59:34] [main/WARN]: Not all defined tags for registry ResourceKey[minecraft:root / minecraft:item] are present in data pack: c:crops/nether_wart, c:crops/wheat, c:ingots/lead, c:storage_blocks/lead
[00:59:36] [main/INFO]: Registering custom dispenser behaviors
[00:59:38] [main/INFO]: Initialized TerraBlender biomes for level stem minecraft:overworld
[00:59:38] [main/INFO]: Initialized TerraBlender biomes for level stem minecraft:the_nether
[00:59:38] [main/INFO]: Applied 1587 biome modifications to 300 of 300 new biomes in 453.6 ms
[00:59:39] [Server thread/INFO]: [STDOUT]: Encoded SpellRegistry size (with package overhead): ??? bytes (in 20 string chunks with the size of 10000)
[00:59:40] [Server thread/INFO]: Starting minecraft server version 1.21
[00:59:40] [Server thread/INFO]: Loading properties
[00:59:40] [Server thread/INFO]: Default game type: SURVIVAL
[00:59:40] [Server thread/INFO]: Generating keypair
[00:59:40] [Server console handler/ERROR]: Exception handling console input
java.io.IOException: The handle is invalid
	at java.base/java.io.FileInputStream.readBytes(Native Method) ~[?:?]
	at java.base/java.io.FileInputStream.read(FileInputStream.java:328) ~[?:?]
	at java.base/java.lang.System$In.read(System.java:2252) ~[?:?]
	at java.base/java.io.BufferedInputStream.read1(BufferedInputStream.java:345) ~[?:?]
	at java.base/java.io.BufferedInputStream.implRead(BufferedInputStream.java:420) ~[?:?]
	at java.base/java.io.BufferedInputStream.read(BufferedInputStream.java:399) ~[?:?]
	at java.base/sun.nio.cs.StreamDecoder.readBytes(StreamDecoder.java:350) ~[?:?]
	at java.base/sun.nio.cs.StreamDecoder.implRead(StreamDecoder.java:393) ~[?:?]
	at java.base/sun.nio.cs.StreamDecoder.lockedRead(StreamDecoder.java:217) ~[?:?]
	at java.base/sun.nio.cs.StreamDecoder.read(StreamDecoder.java:171) ~[?:?]
	at java.base/java.io.InputStreamReader.read(InputStreamReader.java:190) ~[?:?]
	at java.base/java.io.BufferedReader.fill(BufferedReader.java:160) ~[?:?]
	at java.base/java.io.BufferedReader.implReadLine(BufferedReader.java:370) ~[?:?]
	at java.base/java.io.BufferedReader.readLine(BufferedReader.java:347) ~[?:?]
	at java.base/java.io.BufferedReader.readLine(BufferedReader.java:436) ~[?:?]
	at knot/net.minecraft.class_3176$1.run(class_3176.java:103) [server-intermediary.jar:?]
[00:59:40] [Server thread/INFO]: Starting Minecraft server on *:25565
[00:59:40] [Server thread/INFO]: Using default channel type
[00:59:40] [Server thread/INFO]: Preparing level "world"
[00:59:45] [Server thread/INFO]: Loading dimension "minecraft:the_nether" with biome source: "minecraft:multi_noise".
[00:59:45] [Server thread/INFO]: Preparing start region for dimension minecraft:overworld
[00:59:46] [Worker-Main-3/INFO]: Preparing spawn area: 0%
[00:59:46] [Server thread/INFO]: Time elapsed: 627 ms
[00:59:46] [Server thread/INFO]: Done (5.936s)! For help, type "help"
[00:59:46] [Server thread/INFO]: Start loading plugin from Jade: snownee.jade.addon.core.CorePlugin
[00:59:46] [Server thread/INFO]: Start loading plugin from Jade: snownee.jade.addon.vanilla.VanillaPlugin
[00:59:46] [Server thread/INFO]: Start loading plugin from Jade: snownee.jade.addon.universal.UniversalPlugin
[00:59:46] [Server thread/INFO]: Start loading plugin from Jade: snownee.jade.addon.debug.DebugPlugin
[00:59:46] [Server thread/INFO]: Start loading plugin from Polymer (Core): eu.pb4.polymer.core.impl.client.compat.JadeCompatibility
[00:59:46] [Server thread/INFO]: Start loading plugin from Supplementaries: net.mehvahdjukaar.supplementaries.integration.JadeCompat
[01:00:09] [Server thread/WARN]: Can't keep up! Is the server overloaded? Running 23082ms or 461 ticks behind
[01:00:24] [User Authenticator #1/INFO]: UUID of player Retr0101_ is c9284dc2-2a4f-433c-b057-83ea6af4472c
[01:00:27] [Server thread/INFO]: Retr0101_[/127.0.0.1:57109] logged in with entity id 12 at (1266.9365126052796, 80.0, 3033.4294598203433)
[01:00:28] [Server thread/INFO]: Loading config from file...
[01:00:28] [Server thread/INFO]: Retr0101_ joined the game
[01:00:34] [Server thread/INFO]: Retr0101_ lost connection: Disconnected
[01:00:34] [Server thread/INFO]: Retr0101_ left the game
[01:00:34] [Server thread/WARN]: handleDisconnection() called twice
[01:00:47] [Server thread/INFO]: Saving the game (this may take a moment!)
[01:00:47] [Server thread/INFO]: Saved the game
[01:00:48] [Server thread/INFO]: Stopping the server
[01:00:48] [Server thread/INFO]: Stopping server
[01:00:48] [Server thread/INFO]: Saving players
[01:00:48] [Server thread/INFO]: Saving worlds
[01:00:48] [Server thread/INFO]: Saving chunks for level 'ServerLevel[world]'/minecraft:overworld
[01:00:48] [Server thread/INFO]: Saving chunks for level 'ServerLevel[world]'/minecraft:the_end
[01:00:48] [Server thread/INFO]: Saving chunks for level 'ServerLevel[world]'/minecraft:the_nether
[01:00:48] [Server thread/INFO]: ThreadedAnvilChunkStorage (world): All chunks are saved
[01:00:48] [Server thread/INFO]: ThreadedAnvilChunkStorage (DIM1): All chunks are saved
[01:00:48] [Server thread/INFO]: ThreadedAnvilChunkStorage (DIM-1): All chunks are saved
[01:00:48] [Server thread/INFO]: ThreadedAnvilChunkStorage: All dimensions are saved
