[00:59:24] [main/INFO] ========================================
[00:59:24] [main/INFO] Minecraft: 1.21
[00:59:24] [main/INFO] Side: server
[00:59:24] [main/INFO] Development: false
[00:59:24] [main/INFO] Version: 16.0.788
[00:59:24] [main/INFO] Loader:
[00:59:24] [main/INFO] - Fabric: 0.16.10
[00:59:24] [main/INFO] - Fabric API: 0.102.0+1.21
[00:59:24] [main/INFO] Dependencies:
[00:59:24] [main/INFO] - Cloth Config: 15.0.140
[00:59:24] [main/INFO] - Architectury: 13.0.8
[00:59:24] [main/INFO] Mixin: 0.8.7
[00:59:24] [main/INFO] OS: Windows 11 10.0 (amd64)
[00:59:24] [main/INFO] Java: 23.0.1 (Oracle Corporation)
[00:59:24] [main/INFO] ========================================
[00:59:24] [main/INFO] Mods:
[00:59:24] [main/INFO] - anything: 1.1.0+mc1.21
[00:59:24] [main/INFO] - archers: 2.2.5+1.21.1
[00:59:24] [main/INFO] - architectury: 13.0.8
[00:59:24] [main/INFO] - azurelibarmor: 2.3.2
[00:59:24] [main/INFO] - biomesoplenty: 21.0.0.18
[00:59:24] [main/INFO] - blue_endless_jankson: 1.2.3
[00:59:24] [main/INFO] - bridgingmod: 2.4.0+1.21
[00:59:24] [main/INFO] - cardinal-components-base: 6.1.0
[00:59:24] [main/INFO] - cardinal-components-block: 6.1.0
[00:59:24] [main/INFO] - cardinal-components-entity: 6.1.0
[00:59:24] [main/INFO] - carryon: 2.2.1
[00:59:24] [main/INFO] - cloth-basic-math: 0.6.1
[00:59:24] [main/INFO] - cloth-config: 15.0.140
[00:59:24] [main/INFO] - cloth-config: 15.0.140
[00:59:24] [main/INFO] - collective: 7.87
[00:59:24] [main/INFO] - com_electronwill_night-config_core: 3.8.0
[00:59:24] [main/INFO] - com_electronwill_night-config_toml: 3.8.0
[00:59:24] [main/INFO] - com_github_zsoltmolnarrr_tinyconfig: 2.3.2
[00:59:24] [main/INFO] - com_teamresourceful_bytecodecs: 1.1.2
[00:59:24] [main/INFO] - com_teamresourceful_yabn: 1.0.3
[00:59:24] [main/INFO] - common-protection-api: 1.0.0
[00:59:24] [main/INFO] - creativecore: 2.12.9
[00:59:24] [main/INFO] - cristellib: 1.2.8
[00:59:24] [main/INFO] - croptopia: 3.0.9
[00:59:24] [main/INFO] - enhancedvisuals: 1.8.9
[00:59:24] [main/INFO] - epherolib: 1.2.0-1.20.6
[00:59:24] [main/INFO] - error_notifier: 1.0.11
[00:59:24] [main/INFO] - fabric-api: 0.102.0+1.21
[00:59:24] [main/INFO] - fabric-api: 0.102.0+1.21
[00:59:24] [main/INFO] - fabric-api-base: 0.4.42+6573ed8cd1
[00:59:24] [main/INFO] - fabric-api-lookup-api-v1: 1.6.68+b5597344d1
[00:59:24] [main/INFO] - fabric-biome-api-v1: 13.0.29+5bd9f1bcd1
[00:59:24] [main/INFO] - fabric-block-api-v1: 1.0.22+0af3f5a7d1
[00:59:24] [main/INFO] - fabric-block-view-api-v2: 1.0.10+6573ed8cd1
[00:59:24] [main/INFO] - fabric-command-api-v1: 1.2.49+f71b366fd1
[00:59:24] [main/INFO] - fabric-command-api-v2: 2.2.28+6ced4dd9d1
[00:59:24] [main/INFO] - fabric-commands-v0: 0.2.66+df3654b3d1
[00:59:24] [main/INFO] - fabric-content-registries-v0: 8.0.16+b5597344d1
[00:59:24] [main/INFO] - fabric-convention-tags-v1: 2.0.19+7f945d5bd1
[00:59:24] [main/INFO] - fabric-convention-tags-v2: 2.5.0+c5e2b5c6d1
[00:59:24] [main/INFO] - fabric-crash-report-info-v1: 0.2.29+0af3f5a7d1
[00:59:24] [main/INFO] - fabric-data-attachment-api-v1: 1.1.27+6a6dfa19d1
[00:59:24] [main/INFO] - fabric-data-generation-api-v1: 20.2.16+16c4ae25d1
[00:59:24] [main/INFO] - fabric-dimensions-v1: 4.0.0+6fc22b99d1
[00:59:24] [main/INFO] - fabric-entity-events-v1: 1.6.12+6fc22b99d1
[00:59:24] [main/INFO] - fabric-events-interaction-v0: 0.7.12+ba9dae06d1
[00:59:24] [main/INFO] - fabric-game-rule-api-v1: 1.0.53+6ced4dd9d1
[00:59:24] [main/INFO] - fabric-item-api-v1: 11.0.0+afdfc921d1
[00:59:24] [main/INFO] - fabric-item-group-api-v1: 4.1.4+78017270d1
[00:59:24] [main/INFO] - fabric-lifecycle-events-v1: 2.3.12+6c1df360d1
[00:59:24] [main/INFO] - fabric-loot-api-v2: 3.0.14+3f89f5a5d1
[00:59:24] [main/INFO] - fabric-loot-api-v3: 1.0.2+3f89f5a5d1
[00:59:24] [main/INFO] - fabric-message-api-v1: 6.0.13+6573ed8cd1
[00:59:24] [main/INFO] - fabric-networking-api-v1: 4.2.2+60c3209bd1
[00:59:24] [main/INFO] - fabric-object-builder-api-v1: 15.2.0+a551f7a4d1
[00:59:24] [main/INFO] - fabric-particles-v1: 4.0.2+6573ed8cd1
[00:59:24] [main/INFO] - fabric-permissions-api-v0: 0.2-SNAPSHOT
[00:59:24] [main/INFO] - fabric-recipe-api-v1: 5.0.12+65089712d1
[00:59:24] [main/INFO] - fabric-registry-sync-v0: 5.1.2+60c3209bd1
[00:59:24] [main/INFO] - fabric-rendering-data-attachment-v1: 0.3.48+73761d2ed1
[00:59:24] [main/INFO] - fabric-rendering-fluids-v1: 3.1.6+b5597344d1
[00:59:24] [main/INFO] - fabric-resource-conditions-api-v1: 4.3.0+8dc279b1d1
[00:59:24] [main/INFO] - fabric-resource-loader-v0: 1.3.0+56599129d1
[00:59:24] [main/INFO] - fabric-screen-handler-api-v1: 1.3.86+b5597344d1
[00:59:24] [main/INFO] - fabric-transfer-api-v1: 5.1.16+3dccd343d1
[00:59:24] [main/INFO] - fabric-transitive-access-wideners-v1: 6.1.0+176f9036d1
[00:59:24] [main/INFO] - fabricloader: 0.16.10
[00:59:24] [main/INFO] - forgeconfigapiport: 21.0.8
[00:59:24] [main/INFO] - fusion: 1.2.2+a
[00:59:24] [main/INFO] - geckolib: 4.5.8
[00:59:24] [main/INFO] - glitchcore: 2.0.0.3
[00:59:24] [main/INFO] - grabbymobs: 1.6
[00:59:24] [main/INFO] - healingcampfire: 6.1
[00:59:24] [main/INFO] - jade: 15.1.5+fabric
[00:59:24] [main/INFO] - java: 23
[00:59:24] [main/INFO] - jewelry: 2.0.5+1.21.1
[00:59:24] [main/INFO] - magistuarmory: 9.22
[00:59:24] [main/INFO] - mcwdoors: 1.1.1
[00:59:24] [main/INFO] - mcwfences: 1.1.2
[00:59:24] [main/INFO] - mcwtrpdoors: 1.1.4
[00:59:24] [main/INFO] - mcwwindows: 2.3.2
[00:59:24] [main/INFO] - minecraft: 1.21
[00:59:24] [main/INFO] - mixinextras: 0.4.1
[00:59:24] [main/INFO] - mixinsquared: 0.1.1
[00:59:24] [main/INFO] - mns: 1.0.7-1.21-fabric
[00:59:24] [main/INFO] - moonlight: 1.21-2.17.12
[00:59:24] [main/INFO] - mr_dungeons_andtaverns: 1-v4.4.4
[00:59:24] [main/INFO] - mvs: 4.2.8-1.21-fabric
[00:59:24] [main/INFO] - net_jodah_typetools: 0.6.3
[00:59:24] [main/INFO] - net_neoforged_bus: 7.2.0
[00:59:24] [main/INFO] - oreharvester: 1.4
[00:59:24] [main/INFO] - packet_tweaker: 0.5.5+1.21
[00:59:24] [main/INFO] - paladins: 2.2.4+1.21.1
[00:59:24] [main/INFO] - placeholder-api: 2.4.1+1.21
[00:59:24] [main/INFO] - playeranimator: 2.0.1+1.21.1
[00:59:24] [main/INFO] - polymer-common: 0.9.14+1.21.1
[00:59:24] [main/INFO] - polymer-core: 0.9.14+1.21.1
[00:59:24] [main/INFO] - polymer-networking: 0.9.14+1.21.1
[00:59:24] [main/INFO] - polymer-registry-sync-manipulator: 0.9.14+1.21.1
[00:59:24] [main/INFO] - polymer-resource-pack: 0.9.14+1.21.1
[00:59:24] [main/INFO] - polymer-virtual-entity: 0.9.14+1.21.1
[00:59:24] [main/INFO] - polymorph: 1.0.7+1.21.1
[00:59:24] [main/INFO] - predicate-api: 0.5.1+1.21
[00:59:24] [main/INFO] - puzzleslib: 21.0.28
[00:59:24] [main/INFO] - ranged_weapon_api: 2.0.5+1.21.1
[00:59:24] [main/INFO] - rechiseled: 1.1.6+b
[00:59:24] [main/INFO] - regions_unexplored: 0.5.6.1
[00:59:24] [main/INFO] - replantingcrops: 5.4
[00:59:24] [main/INFO] - resourcefulconfig: 3.0.8
[00:59:24] [main/INFO] - resourcefullib: 3.0.12
[00:59:24] [main/INFO] - rogues: 2.2.4+1.21.1
[00:59:24] [main/INFO] - roughlyenoughitems: 16.0.788
[00:59:24] [main/INFO] - runes: 1.0.3+1.21.1
[00:59:24] [main/INFO] - server_translations_api: 2.3.1+1.21-pre2
[00:59:24] [main/INFO] - sgui: 1.6.0+1.21
[00:59:24] [main/INFO] - shield_api: 2.0.2+1.21.1
[00:59:24] [main/INFO] - smallships: 2.0.0-b2.1
[00:59:24] [main/INFO] - spell_engine: 1.3.2+1.21.1
[00:59:24] [main/INFO] - spell_power: 1.1.2+1.21.1
[00:59:24] [main/INFO] - structure_pool_api: 1.1.3+1.21.1
[00:59:24] [main/INFO] - supermartijn642configlib: 1.1.8
[00:59:24] [main/INFO] - supermartijn642corelib: 1.1.18+a
[00:59:24] [main/INFO] - supplementaries: 1.21-3.0.30-beta
[00:59:24] [main/INFO] - t_and_t: 1.13.2
[00:59:24] [main/INFO] - terrablender: 4.0.0.2
[00:59:24] [main/INFO] - terralith: 2.5.8
[00:59:24] [main/INFO] - toughasnails: 10.0.0.12
[00:59:24] [main/INFO] - travelersbackpack: 10.1.8
[00:59:24] [main/INFO] - trinkets: 3.10.0
[00:59:24] [main/INFO] - universal-graves: 3.4.4+1.21
[00:59:24] [main/INFO] - villagernames: 8.1
[00:59:24] [main/INFO] - visualworkbench: 21.0.5
[00:59:24] [main/INFO] - wizards: 2.2.5+1.21.1
[00:59:24] [main/INFO] ========================================
[00:59:24] [main/INFO] [REI] Registered plugin provider DefaultPlugin [roughlyenoughitems] for REIPlugin
[00:59:24] [main/INFO] [REI] Registered plugin provider DefaultRuntimePlugin [roughlyenoughitems] for REIPlugin
[00:59:24] [main/INFO] [REI] Registered plugin provider DefaultPlugin [roughlyenoughitems] for REIServerPlugin
[00:59:24] [main/INFO] [REI] Registered plugin provider DefaultRuntimePlugin [roughlyenoughitems] for REIServerPlugin
[00:59:24] [main/INFO] [REI] Registered plugin provider FabricFluidAPISupportPlugin for REIServerPlugin
[00:59:24] [main/INFO] [REI] Registered plugin provider FabricFluidAPISupportPlugin for REIPlugin
[00:59:33] [Worker-Main-6/DEBUG] [REI] Processed 1 tags in 1.798 ms for minecraft:mob_effect
[00:59:33] [Worker-Main-5/DEBUG] [REI] Processed 0 tags in 4.100 μs for minecraft:worldgen/structure_set
[00:59:33] [Worker-Main-4/DEBUG] [REI] Processed 0 tags in 22.00 μs for minecraft:worldgen/world_preset
[00:59:33] [Worker-Main-2/DEBUG] [REI] Processed 0 tags in 5.000 μs for minecraft:painting_variant
[00:59:33] [Worker-Main-3/DEBUG] [REI] Processed 0 tags in 21.90 μs for minecraft:worldgen/structure
[00:59:33] [Worker-Main-4/DEBUG] [REI] Processed 0 tags in 5.900 μs for minecraft:dimension_type
[00:59:33] [Worker-Main-2/DEBUG] [REI] Processed 7 tags in 27.30 μs for minecraft:fluid
[00:59:33] [Worker-Main-3/DEBUG] [REI] Processed 0 tags in 4.400 μs for minecraft:worldgen/flat_level_generator_preset
[00:59:33] [Worker-Main-2/DEBUG] [REI] Processed 3 tags in 19.60 μs for minecraft:instrument
[00:59:33] [Worker-Main-1/DEBUG] [REI] Processed 0 tags in 9.200 μs for minecraft:banner_pattern
[00:59:33] [Worker-Main-3/DEBUG] [REI] Processed 1 tags in 6.600 μs for minecraft:potion
[00:59:33] [Worker-Main-5/DEBUG] [REI] Processed 0 tags in 5.400 μs for minecraft:trim_material
[00:59:33] [Worker-Main-5/DEBUG] [REI] Processed 2 tags in 22.00 μs for minecraft:cat_variant
[00:59:33] [Worker-Main-3/DEBUG] [REI] Processed 3 tags in 35.90 μs for minecraft:point_of_interest_type
[00:59:33] [Worker-Main-5/DEBUG] [REI] Processed 5 tags in 79.00 μs for minecraft:game_event
[00:59:33] [Worker-Main-4/DEBUG] [REI] Processed 0 tags in 17.10 μs for minecraft:damage_type
[00:59:33] [Worker-Main-3/DEBUG] [REI] Processed 0 tags in 19.50 μs for minecraft:enchantment
[00:59:33] [Worker-Main-1/DEBUG] [REI] Processed 50 tags in 200.2 μs for minecraft:entity_type
[00:59:33] [Worker-Main-7/DEBUG] [REI] Processed 0 tags in 171.4 μs for minecraft:worldgen/biome
[00:59:33] [Worker-Main-2/DEBUG] [REI] Processed 1309 tags in 6.056 ms for minecraft:item
[00:59:33] [Worker-Main-6/DEBUG] [REI] Processed 469 tags in 23.46 ms for minecraft:block
[00:59:34] [main/DEBUG] [REI] Starting Reload Plugins of stage null
java.lang.Throwable
	at knot//me.shedaniel.rei.impl.common.plugins.ReloadManagerImpl.reloadPlugins(ReloadManagerImpl.java:110)
	at knot//me.shedaniel.rei.RoughlyEnoughItemsCore.lambda$onInitialize$5(RoughlyEnoughItemsCore.java:163)
	at java.base/java.util.concurrent.CompletableFuture$UniRun.tryFire(CompletableFuture.java:831)
	at java.base/java.util.concurrent.CompletableFuture$Completion.run(CompletableFuture.java:526)
	at knot//net.minecraft.class_4014.method_18365(class_4014.java:69)
	at knot//net.minecraft.class_156.method_43498(class_156.java:1024)
	at knot//net.minecraft.class_156.method_43499(class_156.java:1012)
	at knot//net.minecraft.server.Main.main(Main.java:182)
	at net.fabricmc.loader.impl.game.minecraft.MinecraftGameProvider.launch(MinecraftGameProvider.java:480)
	at net.fabricmc.loader.impl.launch.knot.Knot.launch(Knot.java:74)
	at net.fabricmc.loader.impl.launch.knot.KnotServer.main(KnotServer.java:23)
	at net.fabricmc.loader.impl.launch.server.FabricServerLauncher.main(FabricServerLauncher.java:69)
[00:59:34] [main/DEBUG] [REI] ========================================
[00:59:34] [main/DEBUG] [REI] REIPlugin starting pre-reload for START.
[00:59:34] [main/DEBUG] [REI] Reloadables (7):
[00:59:34] [main/DEBUG] [REI]  - EntryTypeRegistryImpl
[00:59:34] [main/DEBUG] [REI]  - EntrySettingsAdapterRegistryImpl
[00:59:34] [main/DEBUG] [REI]  - RecipeManagerContextImpl
[00:59:34] [main/DEBUG] [REI]  - ItemComparatorRegistryImpl
[00:59:34] [main/DEBUG] [REI]  - FluidComparatorRegistryImpl
[00:59:34] [main/DEBUG] [REI]  - DisplaySerializerRegistryImpl
[00:59:34] [main/DEBUG] [REI]  - FluidSupportProviderImpl
[00:59:34] [main/DEBUG] [REI] Plugins (3):
[00:59:34] [main/DEBUG] [REI]  - (-100.00) DefaultPlugin of DefaultPlugin [roughlyenoughitems]
[00:59:34] [main/DEBUG] [REI]  - (0.00) FabricFluidAPISupportPlugin
[00:59:34] [main/DEBUG] [REI]  - (0.00) DefaultRuntimePlugin of DefaultRuntimePlugin [roughlyenoughitems]
[00:59:34] [main/DEBUG] [REI] ========================================
[00:59:34] [main/TRACE] [REI] [REIPlugin START] Reloading Section: "pre-register/"
[00:59:34] [main/TRACE] [REI] [REIPlugin START] Reloading Section: "pre-register/DefaultPlugin of DefaultPlugin [roughlyenoughitems]/"
[00:59:34] [main/TRACE] [REI] [REIPlugin START] Reloading Section: "pre-register/DefaultPlugin of DefaultPlugin [roughlyenoughitems]/" done in 1.120 ms
[00:59:34] [main/TRACE] [REI] [REIPlugin START] Reloading Section: "pre-register/FabricFluidAPISupportPlugin/"
[00:59:34] [main/TRACE] [REI] [REIPlugin START] Reloading Section: "pre-register/FabricFluidAPISupportPlugin/" done in 56.10 μs
[00:59:34] [main/TRACE] [REI] [REIPlugin START] Reloading Section: "pre-register/DefaultRuntimePlugin of DefaultRuntimePlugin [roughlyenoughitems]/"
[00:59:34] [main/TRACE] [REI] [REIPlugin START] Reloading Section: "pre-register/DefaultRuntimePlugin of DefaultRuntimePlugin [roughlyenoughitems]/" done in 39.00 μs
[00:59:34] [main/TRACE] [REI] [REIPlugin START] Reloading Section: "pre-register/" done in 17.67 ms
[00:59:34] [main/TRACE] [REI] [REIPlugin START] Reloading Section: "pre-stage/"
[00:59:34] [main/TRACE] [REI] [REIPlugin START] Reloading Section: "pre-stage/EntryTypeRegistryImpl/"
[00:59:34] [main/TRACE] [REI] [REIPlugin START] Reloading Section: "pre-stage/EntryTypeRegistryImpl/" done in 276.1 μs
[00:59:34] [main/TRACE] [REI] [REIPlugin START] Reloading Section: "pre-stage/EntrySettingsAdapterRegistryImpl/"
[00:59:34] [main/TRACE] [REI] [REIPlugin START] Reloading Section: "pre-stage/EntrySettingsAdapterRegistryImpl/" done in 48.70 μs
[00:59:34] [main/TRACE] [REI] [REIPlugin START] Reloading Section: "pre-stage/RecipeManagerContextImpl/"
[00:59:34] [main/TRACE] [REI] [REIPlugin START] Reloading Section: "pre-stage/RecipeManagerContextImpl/" done in 223.6 μs
[00:59:34] [main/TRACE] [REI] [REIPlugin START] Reloading Section: "pre-stage/ItemComparatorRegistryImpl/"
[00:59:34] [main/TRACE] [REI] [REIPlugin START] Reloading Section: "pre-stage/ItemComparatorRegistryImpl/" done in 51.60 μs
[00:59:34] [main/TRACE] [REI] [REIPlugin START] Reloading Section: "pre-stage/FluidComparatorRegistryImpl/"
[00:59:34] [main/TRACE] [REI] [REIPlugin START] Reloading Section: "pre-stage/FluidComparatorRegistryImpl/" done in 36.50 μs
[00:59:34] [main/TRACE] [REI] [REIPlugin START] Reloading Section: "pre-stage/DisplaySerializerRegistryImpl/"
[00:59:34] [main/TRACE] [REI] [REIPlugin START] Reloading Section: "pre-stage/DisplaySerializerRegistryImpl/" done in 32.90 μs
[00:59:34] [main/TRACE] [REI] [REIPlugin START] Reloading Section: "pre-stage/FluidSupportProviderImpl/"
[00:59:34] [main/TRACE] [REI] [REIPlugin START] Reloading Section: "pre-stage/FluidSupportProviderImpl/" done in 34.80 μs
[00:59:34] [main/TRACE] [REI] [REIPlugin START] Reloading Section: "pre-stage/" done in 2.429 ms
[00:59:34] [main/DEBUG] [REI] ========================================
[00:59:34] [main/DEBUG] [REI] REIPlugin finished pre-reload for START in 20.77 ms.
[00:59:34] [main/DEBUG] [REI] ========================================
[00:59:34] [main/DEBUG] [REI] ========================================
[00:59:34] [main/DEBUG] [REI] REIServerPlugin starting pre-reload for START.
[00:59:34] [main/DEBUG] [REI] Reloadables (2):
[00:59:34] [main/DEBUG] [REI]  - MenuInfoRegistryImpl
[00:59:34] [main/DEBUG] [REI]  - SlotAccessorRegistryImpl
[00:59:34] [main/DEBUG] [REI] Plugins (3):
[00:59:34] [main/DEBUG] [REI]  - (-100.00) DefaultPlugin of DefaultPlugin [roughlyenoughitems]
[00:59:34] [main/DEBUG] [REI]  - (0.00) FabricFluidAPISupportPlugin
[00:59:34] [main/DEBUG] [REI]  - (0.00) DefaultRuntimePlugin of DefaultRuntimePlugin [roughlyenoughitems]
[00:59:34] [main/DEBUG] [REI] ========================================
[00:59:34] [main/TRACE] [REI] [REIServerPlugin START] Reloading Section: "pre-register/"
[00:59:34] [main/TRACE] [REI] [REIServerPlugin START] Reloading Section: "pre-register/DefaultPlugin of DefaultPlugin [roughlyenoughitems]/"
[00:59:34] [main/TRACE] [REI] [REIServerPlugin START] Reloading Section: "pre-register/DefaultPlugin of DefaultPlugin [roughlyenoughitems]/" done in 41.10 μs
[00:59:34] [main/TRACE] [REI] [REIServerPlugin START] Reloading Section: "pre-register/FabricFluidAPISupportPlugin/"
[00:59:34] [main/TRACE] [REI] [REIServerPlugin START] Reloading Section: "pre-register/FabricFluidAPISupportPlugin/" done in 40.00 μs
[00:59:34] [main/TRACE] [REI] [REIServerPlugin START] Reloading Section: "pre-register/DefaultRuntimePlugin of DefaultRuntimePlugin [roughlyenoughitems]/"
[00:59:34] [main/TRACE] [REI] [REIServerPlugin START] Reloading Section: "pre-register/DefaultRuntimePlugin of DefaultRuntimePlugin [roughlyenoughitems]/" done in 43.00 μs
[00:59:34] [main/TRACE] [REI] [REIServerPlugin START] Reloading Section: "pre-register/" done in 402.7 μs
[00:59:34] [main/TRACE] [REI] [REIServerPlugin START] Reloading Section: "pre-stage/"
[00:59:34] [main/TRACE] [REI] [REIServerPlugin START] Reloading Section: "pre-stage/MenuInfoRegistryImpl/"
[00:59:34] [main/TRACE] [REI] [REIServerPlugin START] Reloading Section: "pre-stage/MenuInfoRegistryImpl/" done in 31.40 μs
[00:59:34] [main/TRACE] [REI] [REIServerPlugin START] Reloading Section: "pre-stage/SlotAccessorRegistryImpl/"
[00:59:34] [main/TRACE] [REI] [REIServerPlugin START] Reloading Section: "pre-stage/SlotAccessorRegistryImpl/" done in 38.70 μs
[00:59:34] [main/TRACE] [REI] [REIServerPlugin START] Reloading Section: "pre-stage/" done in 221.3 μs
[00:59:34] [main/DEBUG] [REI] ========================================
[00:59:34] [main/DEBUG] [REI] REIServerPlugin finished pre-reload for START in 737.8 μs.
[00:59:34] [main/DEBUG] [REI] ========================================
[00:59:34] [main/INFO] [REI] ****************************************
[00:59:34] [main/INFO] [REI] REIPlugin starting main-reload for START.
[00:59:34] [main/DEBUG] [REI] Reloadables (7):
[00:59:34] [main/DEBUG] [REI]  - EntryTypeRegistryImpl
[00:59:34] [main/DEBUG] [REI]  - EntrySettingsAdapterRegistryImpl
[00:59:34] [main/DEBUG] [REI]  - RecipeManagerContextImpl
[00:59:34] [main/DEBUG] [REI]  - ItemComparatorRegistryImpl
[00:59:34] [main/DEBUG] [REI]  - FluidComparatorRegistryImpl
[00:59:34] [main/DEBUG] [REI]  - DisplaySerializerRegistryImpl
[00:59:34] [main/DEBUG] [REI]  - FluidSupportProviderImpl
[00:59:34] [main/INFO] [REI] Plugins (3):
[00:59:34] [main/INFO] [REI]  - (-100.00) DefaultPlugin of DefaultPlugin [roughlyenoughitems]
[00:59:34] [main/INFO] [REI]  - (0.00) FabricFluidAPISupportPlugin
[00:59:34] [main/INFO] [REI]  - (0.00) DefaultRuntimePlugin of DefaultRuntimePlugin [roughlyenoughitems]
[00:59:34] [main/INFO] [REI] ****************************************
[00:59:34] [main/TRACE] [REI] [REIPlugin START] Reloading Section: "start-reload/"
[00:59:34] [main/TRACE] [REI] [REIPlugin START] Reloading Section: "start-reload/EntryTypeRegistryImpl/"
[00:59:34] [main/TRACE] [REI] [REIPlugin START] Reloading Section: "start-reload/EntryTypeRegistryImpl/" done in 68.60 μs
[00:59:34] [main/TRACE] [REI] [REIPlugin START] Reloading Section: "start-reload/EntrySettingsAdapterRegistryImpl/"
[00:59:34] [main/TRACE] [REI] [REIPlugin START] Reloading Section: "start-reload/EntrySettingsAdapterRegistryImpl/" done in 35.10 μs
[00:59:34] [main/TRACE] [REI] [REIPlugin START] Reloading Section: "start-reload/RecipeManagerContextImpl/"
[00:59:34] [main/TRACE] [REI] [REIPlugin START] Reloading Section: "start-reload/RecipeManagerContextImpl/" done in 32.60 μs
[00:59:34] [main/TRACE] [REI] [REIPlugin START] Reloading Section: "start-reload/ItemComparatorRegistryImpl/"
[00:59:34] [main/TRACE] [REI] [REIPlugin START] Reloading Section: "start-reload/ItemComparatorRegistryImpl/" done in 49.20 μs
[00:59:34] [main/TRACE] [REI] [REIPlugin START] Reloading Section: "start-reload/FluidComparatorRegistryImpl/"
[00:59:34] [main/TRACE] [REI] [REIPlugin START] Reloading Section: "start-reload/FluidComparatorRegistryImpl/" done in 48.70 μs
[00:59:34] [main/TRACE] [REI] [REIPlugin START] Reloading Section: "start-reload/DisplaySerializerRegistryImpl/"
[00:59:34] [main/TRACE] [REI] [REIPlugin START] Reloading Section: "start-reload/DisplaySerializerRegistryImpl/" done in 30.00 μs
[00:59:34] [main/TRACE] [REI] [REIPlugin START] Reloading Section: "start-reload/FluidSupportProviderImpl/"
[00:59:34] [main/TRACE] [REI] [REIPlugin START] Reloading Section: "start-reload/FluidSupportProviderImpl/" done in 41.70 μs
[00:59:34] [main/TRACE] [REI] [REIPlugin START] Reloading Section: "start-reload/" done in 963.2 μs
[00:59:34] [main/DEBUG] [REI] ========================================
[00:59:34] [main/DEBUG] [REI] REIPlugin started main-reload for START.
[00:59:34] [main/DEBUG] [REI] ========================================
[00:59:34] [main/TRACE] [REI] [REIPlugin START] Reloading Section: "reloadable-plugin/EntryTypeRegistryImpl/"
[00:59:34] [main/TRACE] [REI] [REIPlugin START] Reloading Section: "reloadable-plugin/EntryTypeRegistryImpl/DefaultPlugin of DefaultPlugin [roughlyenoughitems]/"
[00:59:34] [main/TRACE] [REI] [REIPlugin START] Reloading Section: "reloadable-plugin/EntryTypeRegistryImpl/DefaultPlugin of DefaultPlugin [roughlyenoughitems]/" done in 348.8 μs
[00:59:34] [main/TRACE] [REI] [REIPlugin START] Reloading Section: "reloadable-plugin/EntryTypeRegistryImpl/FabricFluidAPISupportPlugin/"
[00:59:34] [main/TRACE] [REI] [REIPlugin START] Reloading Section: "reloadable-plugin/EntryTypeRegistryImpl/FabricFluidAPISupportPlugin/" done in 64.10 μs
[00:59:34] [main/TRACE] [REI] [REIPlugin START] Reloading Section: "reloadable-plugin/EntryTypeRegistryImpl/DefaultRuntimePlugin of DefaultRuntimePlugin [roughlyenoughitems]/"
[00:59:34] [main/TRACE] [REI] [REIPlugin START] Reloading Section: "reloadable-plugin/EntryTypeRegistryImpl/DefaultRuntimePlugin of DefaultRuntimePlugin [roughlyenoughitems]/" done in 7.858 ms
[00:59:34] [main/TRACE] [REI] [REIPlugin START] Reloading Section: "reloadable-plugin/EntryTypeRegistryImpl/" done in 10.48 ms
[00:59:34] [main/TRACE] [REI] [REIPlugin START] Reloading Section: "reloadable-plugin/EntrySettingsAdapterRegistryImpl/"
[00:59:34] [main/TRACE] [REI] [REIPlugin START] Reloading Section: "reloadable-plugin/EntrySettingsAdapterRegistryImpl/DefaultPlugin of DefaultPlugin [roughlyenoughitems]/"
[00:59:34] [main/TRACE] [REI] [REIPlugin START] Reloading Section: "reloadable-plugin/EntrySettingsAdapterRegistryImpl/DefaultPlugin of DefaultPlugin [roughlyenoughitems]/" done in 43.90 μs
[00:59:34] [main/TRACE] [REI] [REIPlugin START] Reloading Section: "reloadable-plugin/EntrySettingsAdapterRegistryImpl/FabricFluidAPISupportPlugin/"
[00:59:34] [main/TRACE] [REI] [REIPlugin START] Reloading Section: "reloadable-plugin/EntrySettingsAdapterRegistryImpl/FabricFluidAPISupportPlugin/" done in 36.80 μs
[00:59:34] [main/TRACE] [REI] [REIPlugin START] Reloading Section: "reloadable-plugin/EntrySettingsAdapterRegistryImpl/DefaultRuntimePlugin of DefaultRuntimePlugin [roughlyenoughitems]/"
[00:59:34] [main/TRACE] [REI] [REIPlugin START] Reloading Section: "reloadable-plugin/EntrySettingsAdapterRegistryImpl/DefaultRuntimePlugin of DefaultRuntimePlugin [roughlyenoughitems]/" done in 34.00 μs
[00:59:34] [main/TRACE] [REI] [REIPlugin START] Reloading Section: "reloadable-plugin/EntrySettingsAdapterRegistryImpl/" done in 427.5 μs
[00:59:34] [main/TRACE] [REI] [REIPlugin START] Reloading Section: "reloadable-plugin/RecipeManagerContextImpl/"
[00:59:34] [main/TRACE] [REI] [REIPlugin START] Reloading Section: "reloadable-plugin/RecipeManagerContextImpl/DefaultPlugin of DefaultPlugin [roughlyenoughitems]/"
[00:59:34] [main/TRACE] [REI] [REIPlugin START] Reloading Section: "reloadable-plugin/RecipeManagerContextImpl/DefaultPlugin of DefaultPlugin [roughlyenoughitems]/" done in 36.90 μs
[00:59:34] [main/TRACE] [REI] [REIPlugin START] Reloading Section: "reloadable-plugin/RecipeManagerContextImpl/FabricFluidAPISupportPlugin/"
[00:59:34] [main/TRACE] [REI] [REIPlugin START] Reloading Section: "reloadable-plugin/RecipeManagerContextImpl/FabricFluidAPISupportPlugin/" done in 36.80 μs
[00:59:34] [main/TRACE] [REI] [REIPlugin START] Reloading Section: "reloadable-plugin/RecipeManagerContextImpl/DefaultRuntimePlugin of DefaultRuntimePlugin [roughlyenoughitems]/"
[00:59:34] [main/TRACE] [REI] [REIPlugin START] Reloading Section: "reloadable-plugin/RecipeManagerContextImpl/DefaultRuntimePlugin of DefaultRuntimePlugin [roughlyenoughitems]/" done in 33.90 μs
[00:59:34] [main/TRACE] [REI] [REIPlugin START] Reloading Section: "reloadable-plugin/RecipeManagerContextImpl/" done in 375.5 μs
[00:59:34] [main/TRACE] [REI] [REIPlugin START] Reloading Section: "reloadable-plugin/ItemComparatorRegistryImpl/"
[00:59:34] [main/TRACE] [REI] [REIPlugin START] Reloading Section: "reloadable-plugin/ItemComparatorRegistryImpl/DefaultPlugin of DefaultPlugin [roughlyenoughitems]/"
[00:59:34] [main/TRACE] [REI] [REIPlugin START] Reloading Section: "reloadable-plugin/ItemComparatorRegistryImpl/DefaultPlugin of DefaultPlugin [roughlyenoughitems]/" done in 931.7 μs
[00:59:34] [main/TRACE] [REI] [REIPlugin START] Reloading Section: "reloadable-plugin/ItemComparatorRegistryImpl/FabricFluidAPISupportPlugin/"
[00:59:34] [main/TRACE] [REI] [REIPlugin START] Reloading Section: "reloadable-plugin/ItemComparatorRegistryImpl/FabricFluidAPISupportPlugin/" done in 64.10 μs
[00:59:34] [main/TRACE] [REI] [REIPlugin START] Reloading Section: "reloadable-plugin/ItemComparatorRegistryImpl/DefaultRuntimePlugin of DefaultRuntimePlugin [roughlyenoughitems]/"
[00:59:34] [main/TRACE] [REI] [REIPlugin START] Reloading Section: "reloadable-plugin/ItemComparatorRegistryImpl/DefaultRuntimePlugin of DefaultRuntimePlugin [roughlyenoughitems]/" done in 36.60 μs
[00:59:34] [main/TRACE] [REI] [REIPlugin START] Reloading Section: "reloadable-plugin/ItemComparatorRegistryImpl/" done in 1.439 ms
[00:59:34] [main/TRACE] [REI] [REIPlugin START] Reloading Section: "reloadable-plugin/FluidComparatorRegistryImpl/"
[00:59:34] [main/TRACE] [REI] [REIPlugin START] Reloading Section: "reloadable-plugin/FluidComparatorRegistryImpl/DefaultPlugin of DefaultPlugin [roughlyenoughitems]/"
[00:59:34] [main/TRACE] [REI] [REIPlugin START] Reloading Section: "reloadable-plugin/FluidComparatorRegistryImpl/DefaultPlugin of DefaultPlugin [roughlyenoughitems]/" done in 43.30 μs
[00:59:34] [main/TRACE] [REI] [REIPlugin START] Reloading Section: "reloadable-plugin/FluidComparatorRegistryImpl/FabricFluidAPISupportPlugin/"
[00:59:34] [main/TRACE] [REI] [REIPlugin START] Reloading Section: "reloadable-plugin/FluidComparatorRegistryImpl/FabricFluidAPISupportPlugin/" done in 83.90 μs
[00:59:34] [main/TRACE] [REI] [REIPlugin START] Reloading Section: "reloadable-plugin/FluidComparatorRegistryImpl/DefaultRuntimePlugin of DefaultRuntimePlugin [roughlyenoughitems]/"
[00:59:34] [main/TRACE] [REI] [REIPlugin START] Reloading Section: "reloadable-plugin/FluidComparatorRegistryImpl/DefaultRuntimePlugin of DefaultRuntimePlugin [roughlyenoughitems]/" done in 37.30 μs
[00:59:34] [main/TRACE] [REI] [REIPlugin START] Reloading Section: "reloadable-plugin/FluidComparatorRegistryImpl/" done in 505.1 μs
[00:59:34] [main/TRACE] [REI] [REIPlugin START] Reloading Section: "reloadable-plugin/DisplaySerializerRegistryImpl/"
[00:59:34] [main/TRACE] [REI] [REIPlugin START] Reloading Section: "reloadable-plugin/DisplaySerializerRegistryImpl/DefaultPlugin of DefaultPlugin [roughlyenoughitems]/"
[00:59:34] [main/TRACE] [REI] [REIPlugin START] Reloading Section: "reloadable-plugin/DisplaySerializerRegistryImpl/DefaultPlugin of DefaultPlugin [roughlyenoughitems]/" done in 33.10 μs
[00:59:34] [main/TRACE] [REI] [REIPlugin START] Reloading Section: "reloadable-plugin/DisplaySerializerRegistryImpl/FabricFluidAPISupportPlugin/"
[00:59:34] [main/TRACE] [REI] [REIPlugin START] Reloading Section: "reloadable-plugin/DisplaySerializerRegistryImpl/FabricFluidAPISupportPlugin/" done in 35.90 μs
[00:59:34] [main/TRACE] [REI] [REIPlugin START] Reloading Section: "reloadable-plugin/DisplaySerializerRegistryImpl/DefaultRuntimePlugin of DefaultRuntimePlugin [roughlyenoughitems]/"
[00:59:34] [main/TRACE] [REI] [REIPlugin START] Reloading Section: "reloadable-plugin/DisplaySerializerRegistryImpl/DefaultRuntimePlugin of DefaultRuntimePlugin [roughlyenoughitems]/" done in 34.80 μs
[00:59:34] [main/TRACE] [REI] [REIPlugin START] Reloading Section: "reloadable-plugin/DisplaySerializerRegistryImpl/" done in 395.3 μs
[00:59:34] [main/TRACE] [REI] [REIPlugin START] Reloading Section: "reloadable-plugin/FluidSupportProviderImpl/"
[00:59:34] [main/TRACE] [REI] [REIPlugin START] Reloading Section: "reloadable-plugin/FluidSupportProviderImpl/DefaultPlugin of DefaultPlugin [roughlyenoughitems]/"
[00:59:34] [main/TRACE] [REI] [REIPlugin START] Reloading Section: "reloadable-plugin/FluidSupportProviderImpl/DefaultPlugin of DefaultPlugin [roughlyenoughitems]/" done in 751.0 μs
[00:59:34] [main/TRACE] [REI] [REIPlugin START] Reloading Section: "reloadable-plugin/FluidSupportProviderImpl/FabricFluidAPISupportPlugin/"
[00:59:34] [main/TRACE] [REI] [REIPlugin START] Reloading Section: "reloadable-plugin/FluidSupportProviderImpl/FabricFluidAPISupportPlugin/" done in 222.2 μs
[00:59:34] [main/TRACE] [REI] [REIPlugin START] Reloading Section: "reloadable-plugin/FluidSupportProviderImpl/DefaultRuntimePlugin of DefaultRuntimePlugin [roughlyenoughitems]/"
[00:59:34] [main/TRACE] [REI] [REIPlugin START] Reloading Section: "reloadable-plugin/FluidSupportProviderImpl/DefaultRuntimePlugin of DefaultRuntimePlugin [roughlyenoughitems]/" done in 40.50 μs
[00:59:34] [main/TRACE] [REI] [REIPlugin START] Reloading Section: "reloadable-plugin/FluidSupportProviderImpl/" done in 1.390 ms
[00:59:34] [main/DEBUG] [REI] ========================================
[00:59:34] [main/DEBUG] [REI] REIPlugin ending main-reload for START.
[00:59:34] [main/DEBUG] [REI] ========================================
[00:59:34] [main/TRACE] [REI] [REIPlugin START] Reloading Section: "end-reload/"
[00:59:34] [main/TRACE] [REI] [REIPlugin START] Reloading Section: "end-reload/EntryTypeRegistryImpl/"
[00:59:34] [main/TRACE] [REI] [REIPlugin START] Reloading Section: "end-reload/EntryTypeRegistryImpl/" done in 38.10 μs
[00:59:34] [main/TRACE] [REI] [REIPlugin START] Reloading Section: "end-reload/EntrySettingsAdapterRegistryImpl/"
[00:59:34] [main/TRACE] [REI] [REIPlugin START] Reloading Section: "end-reload/EntrySettingsAdapterRegistryImpl/" done in 28.20 μs
[00:59:34] [main/TRACE] [REI] [REIPlugin START] Reloading Section: "end-reload/RecipeManagerContextImpl/"
[00:59:34] [main/TRACE] [REI] [REIPlugin START] Reloading Section: "end-reload/RecipeManagerContextImpl/" done in 27.70 μs
[00:59:34] [main/TRACE] [REI] [REIPlugin START] Reloading Section: "end-reload/ItemComparatorRegistryImpl/"
[00:59:34] [main/TRACE] [REI] [REIPlugin START] Reloading Section: "end-reload/ItemComparatorRegistryImpl/" done in 26.20 μs
[00:59:34] [main/TRACE] [REI] [REIPlugin START] Reloading Section: "end-reload/FluidComparatorRegistryImpl/"
[00:59:34] [main/TRACE] [REI] [REIPlugin START] Reloading Section: "end-reload/FluidComparatorRegistryImpl/" done in 35.40 μs
[00:59:34] [main/TRACE] [REI] [REIPlugin START] Reloading Section: "end-reload/DisplaySerializerRegistryImpl/"
[00:59:34] [main/TRACE] [REI] [REIPlugin START] Reloading Section: "end-reload/DisplaySerializerRegistryImpl/" done in 28.10 μs
[00:59:34] [main/TRACE] [REI] [REIPlugin START] Reloading Section: "end-reload/FluidSupportProviderImpl/"
[00:59:34] [main/TRACE] [REI] [REIPlugin START] Reloading Section: "end-reload/FluidSupportProviderImpl/" done in 26.80 μs
[00:59:34] [main/TRACE] [REI] [REIPlugin START] Reloading Section: "end-reload/" done in 741.8 μs
[00:59:34] [main/DEBUG] [REI] ========================================
[00:59:34] [main/DEBUG] [REI] REIPlugin ended main-reload for START in 20.08 ms.
[00:59:34] [main/DEBUG] [REI] ========================================
[00:59:34] [main/INFO] [REI] ~~~~~~~~~~~~~~~~~~~~~~~~~~~~~~~~~~~~~~~~
[00:59:34] [main/INFO] [REI] REIServerPlugin starting main-reload for START.
[00:59:34] [main/DEBUG] [REI] Reloadables (2):
[00:59:34] [main/DEBUG] [REI]  - MenuInfoRegistryImpl
[00:59:34] [main/DEBUG] [REI]  - SlotAccessorRegistryImpl
[00:59:34] [main/INFO] [REI] Plugins (3):
[00:59:34] [main/INFO] [REI]  - (-100.00) DefaultPlugin of DefaultPlugin [roughlyenoughitems]
[00:59:34] [main/INFO] [REI]  - (0.00) FabricFluidAPISupportPlugin
[00:59:34] [main/INFO] [REI]  - (0.00) DefaultRuntimePlugin of DefaultRuntimePlugin [roughlyenoughitems]
[00:59:34] [main/INFO] [REI] ~~~~~~~~~~~~~~~~~~~~~~~~~~~~~~~~~~~~~~~~
[00:59:34] [main/TRACE] [REI] [REIServerPlugin START] Reloading Section: "start-reload/"
[00:59:34] [main/TRACE] [REI] [REIServerPlugin START] Reloading Section: "start-reload/MenuInfoRegistryImpl/"
[00:59:34] [main/TRACE] [REI] [REIServerPlugin START] Reloading Section: "start-reload/MenuInfoRegistryImpl/" done in 42.00 μs
[00:59:34] [main/TRACE] [REI] [REIServerPlugin START] Reloading Section: "start-reload/SlotAccessorRegistryImpl/"
[00:59:34] [main/TRACE] [REI] [REIServerPlugin START] Reloading Section: "start-reload/SlotAccessorRegistryImpl/" done in 41.70 μs
[00:59:34] [main/TRACE] [REI] [REIServerPlugin START] Reloading Section: "start-reload/" done in 324.3 μs
[00:59:34] [main/DEBUG] [REI] ========================================
[00:59:34] [main/DEBUG] [REI] REIServerPlugin started main-reload for START.
[00:59:34] [main/DEBUG] [REI] ========================================
[00:59:34] [main/TRACE] [REI] [REIServerPlugin START] Reloading Section: "reloadable-plugin/MenuInfoRegistryImpl/"
[00:59:34] [main/TRACE] [REI] [REIServerPlugin START] Reloading Section: "reloadable-plugin/MenuInfoRegistryImpl/DefaultPlugin of DefaultPlugin [roughlyenoughitems]/"
[00:59:34] [main/TRACE] [REI] [REIServerPlugin START] Reloading Section: "reloadable-plugin/MenuInfoRegistryImpl/DefaultPlugin of DefaultPlugin [roughlyenoughitems]/" done in 44.40 μs
[00:59:34] [main/TRACE] [REI] [REIServerPlugin START] Reloading Section: "reloadable-plugin/MenuInfoRegistryImpl/FabricFluidAPISupportPlugin/"
[00:59:34] [main/TRACE] [REI] [REIServerPlugin START] Reloading Section: "reloadable-plugin/MenuInfoRegistryImpl/FabricFluidAPISupportPlugin/" done in 32.90 μs
[00:59:34] [main/TRACE] [REI] [REIServerPlugin START] Reloading Section: "reloadable-plugin/MenuInfoRegistryImpl/DefaultRuntimePlugin of DefaultRuntimePlugin [roughlyenoughitems]/"
[00:59:34] [main/TRACE] [REI] [REIServerPlugin START] Reloading Section: "reloadable-plugin/MenuInfoRegistryImpl/DefaultRuntimePlugin of DefaultRuntimePlugin [roughlyenoughitems]/" done in 44.60 μs
[00:59:34] [main/TRACE] [REI] [REIServerPlugin START] Reloading Section: "reloadable-plugin/MenuInfoRegistryImpl/" done in 408.4 μs
[00:59:34] [main/TRACE] [REI] [REIServerPlugin START] Reloading Section: "reloadable-plugin/SlotAccessorRegistryImpl/"
[00:59:34] [main/TRACE] [REI] [REIServerPlugin START] Reloading Section: "reloadable-plugin/SlotAccessorRegistryImpl/DefaultPlugin of DefaultPlugin [roughlyenoughitems]/"
[00:59:34] [main/TRACE] [REI] [REIServerPlugin START] Reloading Section: "reloadable-plugin/SlotAccessorRegistryImpl/DefaultPlugin of DefaultPlugin [roughlyenoughitems]/" done in 32.30 μs
[00:59:34] [main/TRACE] [REI] [REIServerPlugin START] Reloading Section: "reloadable-plugin/SlotAccessorRegistryImpl/FabricFluidAPISupportPlugin/"
[00:59:34] [main/TRACE] [REI] [REIServerPlugin START] Reloading Section: "reloadable-plugin/SlotAccessorRegistryImpl/FabricFluidAPISupportPlugin/" done in 45.70 μs
[00:59:34] [main/TRACE] [REI] [REIServerPlugin START] Reloading Section: "reloadable-plugin/SlotAccessorRegistryImpl/DefaultRuntimePlugin of DefaultRuntimePlugin [roughlyenoughitems]/"
[00:59:34] [main/TRACE] [REI] [REIServerPlugin START] Reloading Section: "reloadable-plugin/SlotAccessorRegistryImpl/DefaultRuntimePlugin of DefaultRuntimePlugin [roughlyenoughitems]/" done in 33.00 μs
[00:59:34] [main/TRACE] [REI] [REIServerPlugin START] Reloading Section: "reloadable-plugin/SlotAccessorRegistryImpl/" done in 348.0 μs
[00:59:34] [main/DEBUG] [REI] ========================================
[00:59:34] [main/DEBUG] [REI] REIServerPlugin ending main-reload for START.
[00:59:34] [main/DEBUG] [REI] ========================================
[00:59:34] [main/TRACE] [REI] [REIServerPlugin START] Reloading Section: "end-reload/"
[00:59:34] [main/TRACE] [REI] [REIServerPlugin START] Reloading Section: "end-reload/MenuInfoRegistryImpl/"
[00:59:34] [main/TRACE] [REI] [REIServerPlugin START] Reloading Section: "end-reload/MenuInfoRegistryImpl/" done in 27.50 μs
[00:59:34] [main/TRACE] [REI] [REIServerPlugin START] Reloading Section: "end-reload/SlotAccessorRegistryImpl/"
[00:59:34] [main/TRACE] [REI] [REIServerPlugin START] Reloading Section: "end-reload/SlotAccessorRegistryImpl/" done in 25.50 μs
[00:59:34] [main/TRACE] [REI] [REIServerPlugin START] Reloading Section: "end-reload/" done in 181.1 μs
[00:59:34] [main/DEBUG] [REI] ========================================
[00:59:34] [main/DEBUG] [REI] REIServerPlugin ended main-reload for START in 3.298 ms.
[00:59:34] [main/DEBUG] [REI] ========================================
[00:59:34] [main/DEBUG] [REI] ========================================
[00:59:34] [main/DEBUG] [REI] REIPlugin starting post-reload for START.
[00:59:34] [main/DEBUG] [REI] Reloadables (7):
[00:59:34] [main/DEBUG] [REI]  - EntryTypeRegistryImpl
[00:59:34] [main/DEBUG] [REI]  - EntrySettingsAdapterRegistryImpl
[00:59:34] [main/DEBUG] [REI]  - RecipeManagerContextImpl
[00:59:34] [main/DEBUG] [REI]  - ItemComparatorRegistryImpl
[00:59:34] [main/DEBUG] [REI]  - FluidComparatorRegistryImpl
[00:59:34] [main/DEBUG] [REI]  - DisplaySerializerRegistryImpl
[00:59:34] [main/DEBUG] [REI]  - FluidSupportProviderImpl
[00:59:34] [main/DEBUG] [REI] Plugins (3):
[00:59:34] [main/DEBUG] [REI]  - (-100.00) DefaultPlugin of DefaultPlugin [roughlyenoughitems]
[00:59:34] [main/DEBUG] [REI]  - (0.00) FabricFluidAPISupportPlugin
[00:59:34] [main/DEBUG] [REI]  - (0.00) DefaultRuntimePlugin of DefaultRuntimePlugin [roughlyenoughitems]
[00:59:34] [main/DEBUG] [REI] ========================================
[00:59:34] [main/TRACE] [REI] [REIPlugin START] Reloading Section: "post-register/"
[00:59:34] [main/TRACE] [REI] [REIPlugin START] Reloading Section: "post-register/DefaultPlugin of DefaultPlugin [roughlyenoughitems]/"
[00:59:34] [main/TRACE] [REI] [REIPlugin START] Reloading Section: "post-register/DefaultPlugin of DefaultPlugin [roughlyenoughitems]/" done in 192.6 μs
[00:59:34] [main/TRACE] [REI] [REIPlugin START] Reloading Section: "post-register/FabricFluidAPISupportPlugin/"
[00:59:34] [main/TRACE] [REI] [REIPlugin START] Reloading Section: "post-register/FabricFluidAPISupportPlugin/" done in 31.10 μs
[00:59:34] [main/TRACE] [REI] [REIPlugin START] Reloading Section: "post-register/DefaultRuntimePlugin of DefaultRuntimePlugin [roughlyenoughitems]/"
[00:59:34] [main/TRACE] [REI] [REIPlugin START] Reloading Section: "post-register/DefaultRuntimePlugin of DefaultRuntimePlugin [roughlyenoughitems]/" done in 28.50 μs
[00:59:34] [main/TRACE] [REI] [REIPlugin START] Reloading Section: "post-register/" done in 802.6 μs
[00:59:34] [main/TRACE] [REI] [REIPlugin START] Reloading Section: "post-stage/"
[00:59:34] [main/TRACE] [REI] [REIPlugin START] Reloading Section: "post-stage/EntryTypeRegistryImpl/"
[00:59:34] [main/TRACE] [REI] [REIPlugin START] Reloading Section: "post-stage/EntryTypeRegistryImpl/" done in 35.10 μs
[00:59:34] [main/TRACE] [REI] [REIPlugin START] Reloading Section: "post-stage/EntrySettingsAdapterRegistryImpl/"
[00:59:34] [main/TRACE] [REI] [REIPlugin START] Reloading Section: "post-stage/EntrySettingsAdapterRegistryImpl/" done in 30.80 μs
[00:59:34] [main/TRACE] [REI] [REIPlugin START] Reloading Section: "post-stage/RecipeManagerContextImpl/"
[00:59:34] [main/TRACE] [REI] [REIPlugin START] Reloading Section: "post-stage/RecipeManagerContextImpl/" done in 39.40 μs
[00:59:34] [main/TRACE] [REI] [REIPlugin START] Reloading Section: "post-stage/ItemComparatorRegistryImpl/"
[00:59:34] [main/TRACE] [REI] [REIPlugin START] Reloading Section: "post-stage/ItemComparatorRegistryImpl/" done in 26.10 μs
[00:59:34] [main/TRACE] [REI] [REIPlugin START] Reloading Section: "post-stage/FluidComparatorRegistryImpl/"
[00:59:34] [main/TRACE] [REI] [REIPlugin START] Reloading Section: "post-stage/FluidComparatorRegistryImpl/" done in 21.10 μs
[00:59:34] [main/TRACE] [REI] [REIPlugin START] Reloading Section: "post-stage/DisplaySerializerRegistryImpl/"
[00:59:34] [main/TRACE] [REI] [REIPlugin START] Reloading Section: "post-stage/DisplaySerializerRegistryImpl/" done in 23.40 μs
[00:59:34] [main/TRACE] [REI] [REIPlugin START] Reloading Section: "post-stage/FluidSupportProviderImpl/"
[00:59:34] [main/TRACE] [REI] [REIPlugin START] Reloading Section: "post-stage/FluidSupportProviderImpl/" done in 23.90 μs
[00:59:34] [main/TRACE] [REI] [REIPlugin START] Reloading Section: "post-stage/" done in 743.1 μs
[00:59:34] [main/DEBUG] [REI] ========================================
[00:59:34] [main/INFO] [REI] REIPlugin finished post-reload for START in 1.640 ms, totaling 42.41 ms.
[00:59:34] [main/DEBUG] [REI] ========================================
[00:59:34] [main/DEBUG] [REI] ========================================
[00:59:34] [main/DEBUG] [REI] REIServerPlugin starting post-reload for START.
[00:59:34] [main/DEBUG] [REI] Reloadables (2):
[00:59:34] [main/DEBUG] [REI]  - MenuInfoRegistryImpl
[00:59:34] [main/DEBUG] [REI]  - SlotAccessorRegistryImpl
[00:59:34] [main/DEBUG] [REI] Plugins (3):
[00:59:34] [main/DEBUG] [REI]  - (-100.00) DefaultPlugin of DefaultPlugin [roughlyenoughitems]
[00:59:34] [main/DEBUG] [REI]  - (0.00) FabricFluidAPISupportPlugin
[00:59:34] [main/DEBUG] [REI]  - (0.00) DefaultRuntimePlugin of DefaultRuntimePlugin [roughlyenoughitems]
[00:59:34] [main/DEBUG] [REI] ========================================
[00:59:34] [main/TRACE] [REI] [REIServerPlugin START] Reloading Section: "post-register/"
[00:59:34] [main/TRACE] [REI] [REIServerPlugin START] Reloading Section: "post-register/DefaultPlugin of DefaultPlugin [roughlyenoughitems]/"
[00:59:34] [main/TRACE] [REI] [REIServerPlugin START] Reloading Section: "post-register/DefaultPlugin of DefaultPlugin [roughlyenoughitems]/" done in 37.90 μs
[00:59:34] [main/TRACE] [REI] [REIServerPlugin START] Reloading Section: "post-register/FabricFluidAPISupportPlugin/"
[00:59:34] [main/TRACE] [REI] [REIServerPlugin START] Reloading Section: "post-register/FabricFluidAPISupportPlugin/" done in 29.40 μs
[00:59:34] [main/TRACE] [REI] [REIServerPlugin START] Reloading Section: "post-register/DefaultRuntimePlugin of DefaultRuntimePlugin [roughlyenoughitems]/"
[00:59:34] [main/TRACE] [REI] [REIServerPlugin START] Reloading Section: "post-register/DefaultRuntimePlugin of DefaultRuntimePlugin [roughlyenoughitems]/" done in 30.20 μs
[00:59:34] [main/TRACE] [REI] [REIServerPlugin START] Reloading Section: "post-register/" done in 333.4 μs
[00:59:34] [main/TRACE] [REI] [REIServerPlugin START] Reloading Section: "post-stage/"
[00:59:34] [main/TRACE] [REI] [REIServerPlugin START] Reloading Section: "post-stage/MenuInfoRegistryImpl/"
[00:59:34] [main/TRACE] [REI] [REIServerPlugin START] Reloading Section: "post-stage/MenuInfoRegistryImpl/" done in 24.00 μs
[00:59:34] [main/TRACE] [REI] [REIServerPlugin START] Reloading Section: "post-stage/SlotAccessorRegistryImpl/"
[00:59:34] [main/TRACE] [REI] [REIServerPlugin START] Reloading Section: "post-stage/SlotAccessorRegistryImpl/" done in 22.50 μs
[00:59:34] [main/TRACE] [REI] [REIServerPlugin START] Reloading Section: "post-stage/" done in 170.9 μs
[00:59:34] [main/DEBUG] [REI] ========================================
[00:59:34] [main/INFO] [REI] REIServerPlugin finished post-reload for START in 587.0 μs, totaling 4.599 ms.
[00:59:34] [main/DEBUG] [REI] ========================================
[00:59:34] [main/DEBUG] [REI] ========================================
[00:59:34] [main/DEBUG] [REI] REIPlugin starting pre-reload for END.
[00:59:34] [main/DEBUG] [REI] Reloadables (7):
[00:59:34] [main/DEBUG] [REI]  - EntryTypeRegistryImpl
[00:59:34] [main/DEBUG] [REI]  - EntrySettingsAdapterRegistryImpl
[00:59:34] [main/DEBUG] [REI]  - RecipeManagerContextImpl
[00:59:34] [main/DEBUG] [REI]  - ItemComparatorRegistryImpl
[00:59:34] [main/DEBUG] [REI]  - FluidComparatorRegistryImpl
[00:59:34] [main/DEBUG] [REI]  - DisplaySerializerRegistryImpl
[00:59:34] [main/DEBUG] [REI]  - FluidSupportProviderImpl
[00:59:34] [main/DEBUG] [REI] Plugins (3):
[00:59:34] [main/DEBUG] [REI]  - (-100.00) DefaultPlugin of DefaultPlugin [roughlyenoughitems]
[00:59:34] [main/DEBUG] [REI]  - (0.00) FabricFluidAPISupportPlugin
[00:59:34] [main/DEBUG] [REI]  - (0.00) DefaultRuntimePlugin of DefaultRuntimePlugin [roughlyenoughitems]
[00:59:34] [main/DEBUG] [REI] ========================================
[00:59:34] [main/TRACE] [REI] [REIPlugin END] Reloading Section: "pre-register/"
[00:59:34] [main/TRACE] [REI] [REIPlugin END] Reloading Section: "pre-register/DefaultPlugin of DefaultPlugin [roughlyenoughitems]/"
[00:59:34] [main/TRACE] [REI] [REIPlugin END] Reloading Section: "pre-register/DefaultPlugin of DefaultPlugin [roughlyenoughitems]/" done in 36.00 μs
[00:59:34] [main/TRACE] [REI] [REIPlugin END] Reloading Section: "pre-register/FabricFluidAPISupportPlugin/"
[00:59:34] [main/TRACE] [REI] [REIPlugin END] Reloading Section: "pre-register/FabricFluidAPISupportPlugin/" done in 29.80 μs
[00:59:34] [main/TRACE] [REI] [REIPlugin END] Reloading Section: "pre-register/DefaultRuntimePlugin of DefaultRuntimePlugin [roughlyenoughitems]/"
[00:59:34] [main/TRACE] [REI] [REIPlugin END] Reloading Section: "pre-register/DefaultRuntimePlugin of DefaultRuntimePlugin [roughlyenoughitems]/" done in 29.40 μs
[00:59:34] [main/TRACE] [REI] [REIPlugin END] Reloading Section: "pre-register/" done in 369.3 μs
[00:59:34] [main/TRACE] [REI] [REIPlugin END] Reloading Section: "pre-stage/"
[00:59:34] [main/TRACE] [REI] [REIPlugin END] Reloading Section: "pre-stage/EntryTypeRegistryImpl/"
[00:59:34] [main/TRACE] [REI] [REIPlugin END] Reloading Section: "pre-stage/EntryTypeRegistryImpl/" done in 62.20 μs
[00:59:34] [main/TRACE] [REI] [REIPlugin END] Reloading Section: "pre-stage/EntrySettingsAdapterRegistryImpl/"
[00:59:34] [main/TRACE] [REI] [REIPlugin END] Reloading Section: "pre-stage/EntrySettingsAdapterRegistryImpl/" done in 24.90 μs
[00:59:34] [main/TRACE] [REI] [REIPlugin END] Reloading Section: "pre-stage/RecipeManagerContextImpl/"
[00:59:34] [main/TRACE] [REI] [REIPlugin END] Reloading Section: "pre-stage/RecipeManagerContextImpl/" done in 25.50 μs
[00:59:34] [main/TRACE] [REI] [REIPlugin END] Reloading Section: "pre-stage/ItemComparatorRegistryImpl/"
[00:59:34] [main/TRACE] [REI] [REIPlugin END] Reloading Section: "pre-stage/ItemComparatorRegistryImpl/" done in 21.30 μs
[00:59:34] [main/TRACE] [REI] [REIPlugin END] Reloading Section: "pre-stage/FluidComparatorRegistryImpl/"
[00:59:34] [main/TRACE] [REI] [REIPlugin END] Reloading Section: "pre-stage/FluidComparatorRegistryImpl/" done in 25.60 μs
[00:59:34] [main/TRACE] [REI] [REIPlugin END] Reloading Section: "pre-stage/DisplaySerializerRegistryImpl/"
[00:59:34] [main/TRACE] [REI] [REIPlugin END] Reloading Section: "pre-stage/DisplaySerializerRegistryImpl/" done in 22.60 μs
[00:59:34] [main/TRACE] [REI] [REIPlugin END] Reloading Section: "pre-stage/FluidSupportProviderImpl/"
[00:59:34] [main/TRACE] [REI] [REIPlugin END] Reloading Section: "pre-stage/FluidSupportProviderImpl/" done in 59.30 μs
[00:59:34] [main/TRACE] [REI] [REIPlugin END] Reloading Section: "pre-stage/" done in 592.7 μs
[00:59:34] [main/DEBUG] [REI] ========================================
[00:59:34] [main/DEBUG] [REI] REIPlugin finished pre-reload for END in 1.042 ms.
[00:59:34] [main/DEBUG] [REI] ========================================
[00:59:34] [main/DEBUG] [REI] ========================================
[00:59:34] [main/DEBUG] [REI] REIServerPlugin starting pre-reload for END.
[00:59:34] [main/DEBUG] [REI] Reloadables (2):
[00:59:34] [main/DEBUG] [REI]  - MenuInfoRegistryImpl
[00:59:34] [main/DEBUG] [REI]  - SlotAccessorRegistryImpl
[00:59:34] [main/DEBUG] [REI] Plugins (3):
[00:59:34] [main/DEBUG] [REI]  - (-100.00) DefaultPlugin of DefaultPlugin [roughlyenoughitems]
[00:59:34] [main/DEBUG] [REI]  - (0.00) FabricFluidAPISupportPlugin
[00:59:34] [main/DEBUG] [REI]  - (0.00) DefaultRuntimePlugin of DefaultRuntimePlugin [roughlyenoughitems]
[00:59:34] [main/DEBUG] [REI] ========================================
[00:59:34] [main/TRACE] [REI] [REIServerPlugin END] Reloading Section: "pre-register/"
[00:59:34] [main/TRACE] [REI] [REIServerPlugin END] Reloading Section: "pre-register/DefaultPlugin of DefaultPlugin [roughlyenoughitems]/"
[00:59:34] [main/TRACE] [REI] [REIServerPlugin END] Reloading Section: "pre-register/DefaultPlugin of DefaultPlugin [roughlyenoughitems]/" done in 29.50 μs
[00:59:34] [main/TRACE] [REI] [REIServerPlugin END] Reloading Section: "pre-register/FabricFluidAPISupportPlugin/"
[00:59:34] [main/TRACE] [REI] [REIServerPlugin END] Reloading Section: "pre-register/FabricFluidAPISupportPlugin/" done in 87.90 μs
[00:59:34] [main/TRACE] [REI] [REIServerPlugin END] Reloading Section: "pre-register/DefaultRuntimePlugin of DefaultRuntimePlugin [roughlyenoughitems]/"
[00:59:34] [main/TRACE] [REI] [REIServerPlugin END] Reloading Section: "pre-register/DefaultRuntimePlugin of DefaultRuntimePlugin [roughlyenoughitems]/" done in 1.578 ms
[00:59:34] [main/TRACE] [REI] [REIServerPlugin END] Reloading Section: "pre-register/" done in 2.987 ms
[00:59:34] [main/TRACE] [REI] [REIServerPlugin END] Reloading Section: "pre-stage/"
[00:59:34] [main/TRACE] [REI] [REIServerPlugin END] Reloading Section: "pre-stage/MenuInfoRegistryImpl/"
[00:59:34] [main/TRACE] [REI] [REIServerPlugin END] Reloading Section: "pre-stage/MenuInfoRegistryImpl/" done in 133.3 μs
[00:59:34] [main/TRACE] [REI] [REIServerPlugin END] Reloading Section: "pre-stage/SlotAccessorRegistryImpl/"
[00:59:34] [main/TRACE] [REI] [REIServerPlugin END] Reloading Section: "pre-stage/SlotAccessorRegistryImpl/" done in 28.70 μs
[00:59:34] [main/TRACE] [REI] [REIServerPlugin END] Reloading Section: "pre-stage/" done in 376.0 μs
[00:59:34] [main/DEBUG] [REI] ========================================
[00:59:34] [main/DEBUG] [REI] REIServerPlugin finished pre-reload for END in 4.256 ms.
[00:59:34] [main/DEBUG] [REI] ========================================
[00:59:34] [main/INFO] [REI] ****************************************
[00:59:34] [main/INFO] [REI] REIPlugin starting main-reload for END.
[00:59:34] [main/DEBUG] [REI] Reloadables (7):
[00:59:34] [main/DEBUG] [REI]  - EntryTypeRegistryImpl
[00:59:34] [main/DEBUG] [REI]  - EntrySettingsAdapterRegistryImpl
[00:59:34] [main/DEBUG] [REI]  - RecipeManagerContextImpl
[00:59:34] [main/DEBUG] [REI]  - ItemComparatorRegistryImpl
[00:59:34] [main/DEBUG] [REI]  - FluidComparatorRegistryImpl
[00:59:34] [main/DEBUG] [REI]  - DisplaySerializerRegistryImpl
[00:59:34] [main/DEBUG] [REI]  - FluidSupportProviderImpl
[00:59:34] [main/INFO] [REI] Plugins (3):
[00:59:34] [main/INFO] [REI]  - (-100.00) DefaultPlugin of DefaultPlugin [roughlyenoughitems]
[00:59:34] [main/INFO] [REI]  - (0.00) FabricFluidAPISupportPlugin
[00:59:34] [main/INFO] [REI]  - (0.00) DefaultRuntimePlugin of DefaultRuntimePlugin [roughlyenoughitems]
[00:59:34] [main/INFO] [REI] ****************************************
[00:59:34] [main/TRACE] [REI] [REIPlugin END] Reloading Section: "start-reload/"
[00:59:34] [main/TRACE] [REI] [REIPlugin END] Reloading Section: "start-reload/EntryTypeRegistryImpl/"
[00:59:34] [main/TRACE] [REI] [REIPlugin END] Reloading Section: "start-reload/EntryTypeRegistryImpl/" done in 51.20 μs
[00:59:34] [main/TRACE] [REI] [REIPlugin END] Reloading Section: "start-reload/EntrySettingsAdapterRegistryImpl/"
[00:59:34] [main/TRACE] [REI] [REIPlugin END] Reloading Section: "start-reload/EntrySettingsAdapterRegistryImpl/" done in 39.40 μs
[00:59:34] [main/TRACE] [REI] [REIPlugin END] Reloading Section: "start-reload/RecipeManagerContextImpl/"
[00:59:34] [main/TRACE] [REI] [REIPlugin END] Reloading Section: "start-reload/RecipeManagerContextImpl/" done in 27.20 μs
[00:59:34] [main/TRACE] [REI] [REIPlugin END] Reloading Section: "start-reload/ItemComparatorRegistryImpl/"
[00:59:34] [main/TRACE] [REI] [REIPlugin END] Reloading Section: "start-reload/ItemComparatorRegistryImpl/" done in 21.60 μs
[00:59:34] [main/TRACE] [REI] [REIPlugin END] Reloading Section: "start-reload/FluidComparatorRegistryImpl/"
[00:59:34] [main/TRACE] [REI] [REIPlugin END] Reloading Section: "start-reload/FluidComparatorRegistryImpl/" done in 21.90 μs
[00:59:34] [main/TRACE] [REI] [REIPlugin END] Reloading Section: "start-reload/DisplaySerializerRegistryImpl/"
[00:59:34] [main/TRACE] [REI] [REIPlugin END] Reloading Section: "start-reload/DisplaySerializerRegistryImpl/" done in 23.20 μs
[00:59:34] [main/TRACE] [REI] [REIPlugin END] Reloading Section: "start-reload/FluidSupportProviderImpl/"
[00:59:34] [main/TRACE] [REI] [REIPlugin END] Reloading Section: "start-reload/FluidSupportProviderImpl/" done in 20.50 μs
[00:59:34] [main/TRACE] [REI] [REIPlugin END] Reloading Section: "start-reload/" done in 657.8 μs
[00:59:34] [main/DEBUG] [REI] ========================================
[00:59:34] [main/DEBUG] [REI] REIPlugin started main-reload for END.
[00:59:34] [main/DEBUG] [REI] ========================================
[00:59:34] [main/TRACE] [REI] [REIPlugin END] Reloading Section: "reloadable-plugin/EntryTypeRegistryImpl/"
[00:59:34] [main/TRACE] [REI] [REIPlugin END] Reloading Section: "reloadable-plugin/EntryTypeRegistryImpl/DefaultPlugin of DefaultPlugin [roughlyenoughitems]/"
[00:59:34] [main/TRACE] [REI] [REIPlugin END] Reloading Section: "reloadable-plugin/EntryTypeRegistryImpl/DefaultPlugin of DefaultPlugin [roughlyenoughitems]/" done in 32.20 μs
[00:59:34] [main/TRACE] [REI] [REIPlugin END] Reloading Section: "reloadable-plugin/EntryTypeRegistryImpl/FabricFluidAPISupportPlugin/"
[00:59:34] [main/TRACE] [REI] [REIPlugin END] Reloading Section: "reloadable-plugin/EntryTypeRegistryImpl/FabricFluidAPISupportPlugin/" done in 25.40 μs
[00:59:34] [main/TRACE] [REI] [REIPlugin END] Reloading Section: "reloadable-plugin/EntryTypeRegistryImpl/DefaultRuntimePlugin of DefaultRuntimePlugin [roughlyenoughitems]/"
[00:59:34] [main/TRACE] [REI] [REIPlugin END] Reloading Section: "reloadable-plugin/EntryTypeRegistryImpl/DefaultRuntimePlugin of DefaultRuntimePlugin [roughlyenoughitems]/" done in 24.30 μs
[00:59:34] [main/TRACE] [REI] [REIPlugin END] Reloading Section: "reloadable-plugin/EntryTypeRegistryImpl/" done in 255.4 μs
[00:59:34] [main/TRACE] [REI] [REIPlugin END] Reloading Section: "reloadable-plugin/EntrySettingsAdapterRegistryImpl/"
[00:59:34] [main/TRACE] [REI] [REIPlugin END] Reloading Section: "reloadable-plugin/EntrySettingsAdapterRegistryImpl/DefaultPlugin of DefaultPlugin [roughlyenoughitems]/"
[00:59:34] [main/TRACE] [REI] [REIPlugin END] Reloading Section: "reloadable-plugin/EntrySettingsAdapterRegistryImpl/DefaultPlugin of DefaultPlugin [roughlyenoughitems]/" done in 430.2 μs
[00:59:34] [main/TRACE] [REI] [REIPlugin END] Reloading Section: "reloadable-plugin/EntrySettingsAdapterRegistryImpl/FabricFluidAPISupportPlugin/"
[00:59:34] [main/TRACE] [REI] [REIPlugin END] Reloading Section: "reloadable-plugin/EntrySettingsAdapterRegistryImpl/FabricFluidAPISupportPlugin/" done in 60.10 μs
[00:59:34] [main/TRACE] [REI] [REIPlugin END] Reloading Section: "reloadable-plugin/EntrySettingsAdapterRegistryImpl/DefaultRuntimePlugin of DefaultRuntimePlugin [roughlyenoughitems]/"
[00:59:34] [main/TRACE] [REI] [REIPlugin END] Reloading Section: "reloadable-plugin/EntrySettingsAdapterRegistryImpl/DefaultRuntimePlugin of DefaultRuntimePlugin [roughlyenoughitems]/" done in 29.00 μs
[00:59:34] [main/TRACE] [REI] [REIPlugin END] Reloading Section: "reloadable-plugin/EntrySettingsAdapterRegistryImpl/" done in 1.849 ms
[00:59:34] [main/TRACE] [REI] [REIPlugin END] Reloading Section: "reloadable-plugin/RecipeManagerContextImpl/"
[00:59:34] [main/TRACE] [REI] [REIPlugin END] Reloading Section: "reloadable-plugin/RecipeManagerContextImpl/DefaultPlugin of DefaultPlugin [roughlyenoughitems]/"
[00:59:34] [main/TRACE] [REI] [REIPlugin END] Reloading Section: "reloadable-plugin/RecipeManagerContextImpl/DefaultPlugin of DefaultPlugin [roughlyenoughitems]/" done in 33.50 μs
[00:59:34] [main/TRACE] [REI] [REIPlugin END] Reloading Section: "reloadable-plugin/RecipeManagerContextImpl/FabricFluidAPISupportPlugin/"
[00:59:34] [main/TRACE] [REI] [REIPlugin END] Reloading Section: "reloadable-plugin/RecipeManagerContextImpl/FabricFluidAPISupportPlugin/" done in 28.10 μs
[00:59:34] [main/TRACE] [REI] [REIPlugin END] Reloading Section: "reloadable-plugin/RecipeManagerContextImpl/DefaultRuntimePlugin of DefaultRuntimePlugin [roughlyenoughitems]/"
[00:59:34] [main/TRACE] [REI] [REIPlugin END] Reloading Section: "reloadable-plugin/RecipeManagerContextImpl/DefaultRuntimePlugin of DefaultRuntimePlugin [roughlyenoughitems]/" done in 25.10 μs
[00:59:34] [main/TRACE] [REI] [REIPlugin END] Reloading Section: "reloadable-plugin/RecipeManagerContextImpl/" done in 296.9 μs
[00:59:34] [main/TRACE] [REI] [REIPlugin END] Reloading Section: "reloadable-plugin/ItemComparatorRegistryImpl/"
[00:59:34] [main/TRACE] [REI] [REIPlugin END] Reloading Section: "reloadable-plugin/ItemComparatorRegistryImpl/DefaultPlugin of DefaultPlugin [roughlyenoughitems]/"
[00:59:34] [main/TRACE] [REI] [REIPlugin END] Reloading Section: "reloadable-plugin/ItemComparatorRegistryImpl/DefaultPlugin of DefaultPlugin [roughlyenoughitems]/" done in 25.90 μs
[00:59:34] [main/TRACE] [REI] [REIPlugin END] Reloading Section: "reloadable-plugin/ItemComparatorRegistryImpl/FabricFluidAPISupportPlugin/"
[00:59:34] [main/TRACE] [REI] [REIPlugin END] Reloading Section: "reloadable-plugin/ItemComparatorRegistryImpl/FabricFluidAPISupportPlugin/" done in 22.60 μs
[00:59:34] [main/TRACE] [REI] [REIPlugin END] Reloading Section: "reloadable-plugin/ItemComparatorRegistryImpl/DefaultRuntimePlugin of DefaultRuntimePlugin [roughlyenoughitems]/"
[00:59:34] [main/TRACE] [REI] [REIPlugin END] Reloading Section: "reloadable-plugin/ItemComparatorRegistryImpl/DefaultRuntimePlugin of DefaultRuntimePlugin [roughlyenoughitems]/" done in 22.60 μs
[00:59:34] [main/TRACE] [REI] [REIPlugin END] Reloading Section: "reloadable-plugin/ItemComparatorRegistryImpl/" done in 241.6 μs
[00:59:34] [main/TRACE] [REI] [REIPlugin END] Reloading Section: "reloadable-plugin/FluidComparatorRegistryImpl/"
[00:59:34] [main/TRACE] [REI] [REIPlugin END] Reloading Section: "reloadable-plugin/FluidComparatorRegistryImpl/DefaultPlugin of DefaultPlugin [roughlyenoughitems]/"
[00:59:34] [main/TRACE] [REI] [REIPlugin END] Reloading Section: "reloadable-plugin/FluidComparatorRegistryImpl/DefaultPlugin of DefaultPlugin [roughlyenoughitems]/" done in 23.70 μs
[00:59:34] [main/TRACE] [REI] [REIPlugin END] Reloading Section: "reloadable-plugin/FluidComparatorRegistryImpl/FabricFluidAPISupportPlugin/"
[00:59:34] [main/TRACE] [REI] [REIPlugin END] Reloading Section: "reloadable-plugin/FluidComparatorRegistryImpl/FabricFluidAPISupportPlugin/" done in 38.80 μs
[00:59:34] [main/TRACE] [REI] [REIPlugin END] Reloading Section: "reloadable-plugin/FluidComparatorRegistryImpl/DefaultRuntimePlugin of DefaultRuntimePlugin [roughlyenoughitems]/"
[00:59:34] [main/TRACE] [REI] [REIPlugin END] Reloading Section: "reloadable-plugin/FluidComparatorRegistryImpl/DefaultRuntimePlugin of DefaultRuntimePlugin [roughlyenoughitems]/" done in 25.20 μs
[00:59:34] [main/TRACE] [REI] [REIPlugin END] Reloading Section: "reloadable-plugin/FluidComparatorRegistryImpl/" done in 243.3 μs
[00:59:34] [main/TRACE] [REI] [REIPlugin END] Reloading Section: "reloadable-plugin/DisplaySerializerRegistryImpl/"
[00:59:34] [main/TRACE] [REI] [REIPlugin END] Reloading Section: "reloadable-plugin/DisplaySerializerRegistryImpl/DefaultPlugin of DefaultPlugin [roughlyenoughitems]/"
[00:59:34] [main/TRACE] [REI] [REIPlugin END] Reloading Section: "reloadable-plugin/DisplaySerializerRegistryImpl/DefaultPlugin of DefaultPlugin [roughlyenoughitems]/" done in 34.27 ms
[00:59:34] [main/TRACE] [REI] [REIPlugin END] Reloading Section: "reloadable-plugin/DisplaySerializerRegistryImpl/FabricFluidAPISupportPlugin/"
[00:59:34] [main/TRACE] [REI] [REIPlugin END] Reloading Section: "reloadable-plugin/DisplaySerializerRegistryImpl/FabricFluidAPISupportPlugin/" done in 52.90 μs
[00:59:34] [main/TRACE] [REI] [REIPlugin END] Reloading Section: "reloadable-plugin/DisplaySerializerRegistryImpl/DefaultRuntimePlugin of DefaultRuntimePlugin [roughlyenoughitems]/"
[00:59:34] [main/TRACE] [REI] [REIPlugin END] Reloading Section: "reloadable-plugin/DisplaySerializerRegistryImpl/DefaultRuntimePlugin of DefaultRuntimePlugin [roughlyenoughitems]/" done in 26.40 μs
[00:59:34] [main/TRACE] [REI] [REIPlugin END] Reloading Section: "reloadable-plugin/DisplaySerializerRegistryImpl/" done in 34.74 ms
[00:59:34] [main/TRACE] [REI] [REIPlugin END] Reloading Section: "reloadable-plugin/FluidSupportProviderImpl/"
[00:59:34] [main/TRACE] [REI] [REIPlugin END] Reloading Section: "reloadable-plugin/FluidSupportProviderImpl/DefaultPlugin of DefaultPlugin [roughlyenoughitems]/"
[00:59:34] [main/TRACE] [REI] [REIPlugin END] Reloading Section: "reloadable-plugin/FluidSupportProviderImpl/DefaultPlugin of DefaultPlugin [roughlyenoughitems]/" done in 25.80 μs
[00:59:34] [main/TRACE] [REI] [REIPlugin END] Reloading Section: "reloadable-plugin/FluidSupportProviderImpl/FabricFluidAPISupportPlugin/"
[00:59:34] [main/TRACE] [REI] [REIPlugin END] Reloading Section: "reloadable-plugin/FluidSupportProviderImpl/FabricFluidAPISupportPlugin/" done in 103.9 μs
[00:59:34] [main/TRACE] [REI] [REIPlugin END] Reloading Section: "reloadable-plugin/FluidSupportProviderImpl/DefaultRuntimePlugin of DefaultRuntimePlugin [roughlyenoughitems]/"
[00:59:34] [main/TRACE] [REI] [REIPlugin END] Reloading Section: "reloadable-plugin/FluidSupportProviderImpl/DefaultRuntimePlugin of DefaultRuntimePlugin [roughlyenoughitems]/" done in 34.40 μs
[00:59:34] [main/TRACE] [REI] [REIPlugin END] Reloading Section: "reloadable-plugin/FluidSupportProviderImpl/" done in 394.1 μs
[00:59:34] [main/DEBUG] [REI] ========================================
[00:59:34] [main/DEBUG] [REI] REIPlugin ending main-reload for END.
[00:59:34] [main/DEBUG] [REI] ========================================
[00:59:34] [main/TRACE] [REI] [REIPlugin END] Reloading Section: "end-reload/"
[00:59:34] [main/TRACE] [REI] [REIPlugin END] Reloading Section: "end-reload/EntryTypeRegistryImpl/"
[00:59:34] [main/TRACE] [REI] [REIPlugin END] Reloading Section: "end-reload/EntryTypeRegistryImpl/" done in 22.10 μs
[00:59:34] [main/TRACE] [REI] [REIPlugin END] Reloading Section: "end-reload/EntrySettingsAdapterRegistryImpl/"
[00:59:34] [main/TRACE] [REI] [REIPlugin END] Reloading Section: "end-reload/EntrySettingsAdapterRegistryImpl/" done in 19.80 μs
[00:59:34] [main/TRACE] [REI] [REIPlugin END] Reloading Section: "end-reload/RecipeManagerContextImpl/"
[00:59:34] [main/TRACE] [REI] [REIPlugin END] Reloading Section: "end-reload/RecipeManagerContextImpl/" done in 17.50 μs
[00:59:34] [main/TRACE] [REI] [REIPlugin END] Reloading Section: "end-reload/ItemComparatorRegistryImpl/"
[00:59:34] [main/TRACE] [REI] [REIPlugin END] Reloading Section: "end-reload/ItemComparatorRegistryImpl/" done in 19.30 μs
[00:59:34] [main/TRACE] [REI] [REIPlugin END] Reloading Section: "end-reload/FluidComparatorRegistryImpl/"
[00:59:34] [main/TRACE] [REI] [REIPlugin END] Reloading Section: "end-reload/FluidComparatorRegistryImpl/" done in 19.30 μs
[00:59:34] [main/TRACE] [REI] [REIPlugin END] Reloading Section: "end-reload/DisplaySerializerRegistryImpl/"
[00:59:34] [main/TRACE] [REI] [REIPlugin END] Reloading Section: "end-reload/DisplaySerializerRegistryImpl/" done in 17.00 μs
[00:59:34] [main/TRACE] [REI] [REIPlugin END] Reloading Section: "end-reload/FluidSupportProviderImpl/"
[00:59:34] [main/TRACE] [REI] [REIPlugin END] Reloading Section: "end-reload/FluidSupportProviderImpl/" done in 19.50 μs
[00:59:34] [main/TRACE] [REI] [REIPlugin END] Reloading Section: "end-reload/" done in 415.1 μs
[00:59:34] [main/DEBUG] [REI] ========================================
[00:59:34] [main/DEBUG] [REI] REIPlugin ended main-reload for END in 42.18 ms.
[00:59:34] [main/DEBUG] [REI] ========================================
[00:59:34] [main/INFO] [REI] ****************************************
[00:59:34] [main/INFO] [REI] REIServerPlugin starting main-reload for END.
[00:59:34] [main/DEBUG] [REI] Reloadables (2):
[00:59:34] [main/DEBUG] [REI]  - MenuInfoRegistryImpl
[00:59:34] [main/DEBUG] [REI]  - SlotAccessorRegistryImpl
[00:59:34] [main/INFO] [REI] Plugins (3):
[00:59:34] [main/INFO] [REI]  - (-100.00) DefaultPlugin of DefaultPlugin [roughlyenoughitems]
[00:59:34] [main/INFO] [REI]  - (0.00) FabricFluidAPISupportPlugin
[00:59:34] [main/INFO] [REI]  - (0.00) DefaultRuntimePlugin of DefaultRuntimePlugin [roughlyenoughitems]
[00:59:34] [main/INFO] [REI] ****************************************
[00:59:34] [main/TRACE] [REI] [REIServerPlugin END] Reloading Section: "start-reload/"
[00:59:34] [main/TRACE] [REI] [REIServerPlugin END] Reloading Section: "start-reload/MenuInfoRegistryImpl/"
[00:59:34] [main/TRACE] [REI] [REIServerPlugin END] Reloading Section: "start-reload/MenuInfoRegistryImpl/" done in 53.10 μs
[00:59:34] [main/TRACE] [REI] [REIServerPlugin END] Reloading Section: "start-reload/SlotAccessorRegistryImpl/"
[00:59:34] [main/TRACE] [REI] [REIServerPlugin END] Reloading Section: "start-reload/SlotAccessorRegistryImpl/" done in 39.50 μs
[00:59:34] [main/TRACE] [REI] [REIServerPlugin END] Reloading Section: "start-reload/" done in 589.9 μs
[00:59:34] [main/DEBUG] [REI] ========================================
[00:59:34] [main/DEBUG] [REI] REIServerPlugin started main-reload for END.
[00:59:34] [main/DEBUG] [REI] ========================================
[00:59:34] [main/TRACE] [REI] [REIServerPlugin END] Reloading Section: "reloadable-plugin/MenuInfoRegistryImpl/"
[00:59:34] [main/TRACE] [REI] [REIServerPlugin END] Reloading Section: "reloadable-plugin/MenuInfoRegistryImpl/DefaultPlugin of DefaultPlugin [roughlyenoughitems]/"
[00:59:34] [main/TRACE] [REI] [REIServerPlugin END] Reloading Section: "reloadable-plugin/MenuInfoRegistryImpl/DefaultPlugin of DefaultPlugin [roughlyenoughitems]/" done in 41.20 μs
[00:59:34] [main/TRACE] [REI] [REIServerPlugin END] Reloading Section: "reloadable-plugin/MenuInfoRegistryImpl/FabricFluidAPISupportPlugin/"
[00:59:34] [main/TRACE] [REI] [REIServerPlugin END] Reloading Section: "reloadable-plugin/MenuInfoRegistryImpl/FabricFluidAPISupportPlugin/" done in 44.60 μs
[00:59:34] [main/TRACE] [REI] [REIServerPlugin END] Reloading Section: "reloadable-plugin/MenuInfoRegistryImpl/DefaultRuntimePlugin of DefaultRuntimePlugin [roughlyenoughitems]/"
[00:59:34] [main/TRACE] [REI] [REIServerPlugin END] Reloading Section: "reloadable-plugin/MenuInfoRegistryImpl/DefaultRuntimePlugin of DefaultRuntimePlugin [roughlyenoughitems]/" done in 25.40 μs
[00:59:34] [main/TRACE] [REI] [REIServerPlugin END] Reloading Section: "reloadable-plugin/MenuInfoRegistryImpl/" done in 425.6 μs
[00:59:34] [main/TRACE] [REI] [REIServerPlugin END] Reloading Section: "reloadable-plugin/SlotAccessorRegistryImpl/"
[00:59:34] [main/TRACE] [REI] [REIServerPlugin END] Reloading Section: "reloadable-plugin/SlotAccessorRegistryImpl/DefaultPlugin of DefaultPlugin [roughlyenoughitems]/"
[00:59:34] [main/TRACE] [REI] [REIServerPlugin END] Reloading Section: "reloadable-plugin/SlotAccessorRegistryImpl/DefaultPlugin of DefaultPlugin [roughlyenoughitems]/" done in 33.50 μs
[00:59:34] [main/TRACE] [REI] [REIServerPlugin END] Reloading Section: "reloadable-plugin/SlotAccessorRegistryImpl/FabricFluidAPISupportPlugin/"
[00:59:34] [main/TRACE] [REI] [REIServerPlugin END] Reloading Section: "reloadable-plugin/SlotAccessorRegistryImpl/FabricFluidAPISupportPlugin/" done in 23.60 μs
[00:59:34] [main/TRACE] [REI] [REIServerPlugin END] Reloading Section: "reloadable-plugin/SlotAccessorRegistryImpl/DefaultRuntimePlugin of DefaultRuntimePlugin [roughlyenoughitems]/"
[00:59:34] [main/DEBUG] [REI] Added slot accessor serializer: me.shedaniel.rei.plugin.common.runtime.DefaultRuntimePlugin$1@29429a11 [roughlyenoughitems:vanilla]
[00:59:34] [main/DEBUG] [REI] Added slot accessor serializer: me.shedaniel.rei.plugin.common.runtime.DefaultRuntimePlugin$2@2dea027b [roughlyenoughitems:player]
[00:59:34] [main/TRACE] [REI] [REIServerPlugin END] Reloading Section: "reloadable-plugin/SlotAccessorRegistryImpl/DefaultRuntimePlugin of DefaultRuntimePlugin [roughlyenoughitems]/" done in 3.912 ms
[00:59:34] [main/TRACE] [REI] [REIServerPlugin END] Reloading Section: "reloadable-plugin/SlotAccessorRegistryImpl/" done in 4.204 ms
[00:59:34] [main/DEBUG] [REI] ========================================
[00:59:34] [main/DEBUG] [REI] REIServerPlugin ending main-reload for END.
[00:59:34] [main/DEBUG] [REI] ========================================
[00:59:34] [main/TRACE] [REI] [REIServerPlugin END] Reloading Section: "end-reload/"
[00:59:34] [main/TRACE] [REI] [REIServerPlugin END] Reloading Section: "end-reload/MenuInfoRegistryImpl/"
[00:59:34] [main/DEBUG] [REI] Registered 0 menu infos
[00:59:34] [main/TRACE] [REI] [REIServerPlugin END] Reloading Section: "end-reload/MenuInfoRegistryImpl/" done in 100.7 μs
[00:59:34] [main/TRACE] [REI] [REIServerPlugin END] Reloading Section: "end-reload/SlotAccessorRegistryImpl/"
[00:59:34] [main/DEBUG] [REI] Registered 2 slot accessor serializers
[00:59:34] [main/TRACE] [REI] [REIServerPlugin END] Reloading Section: "end-reload/SlotAccessorRegistryImpl/" done in 80.00 μs
[00:59:34] [main/TRACE] [REI] [REIServerPlugin END] Reloading Section: "end-reload/" done in 342.4 μs
[00:59:34] [main/DEBUG] [REI] ========================================
[00:59:34] [main/DEBUG] [REI] REIServerPlugin ended main-reload for END in 7.802 ms.
[00:59:34] [main/DEBUG] [REI] ========================================
[00:59:34] [main/DEBUG] [REI] ========================================
[00:59:34] [main/DEBUG] [REI] REIPlugin starting post-reload for END.
[00:59:34] [main/DEBUG] [REI] Reloadables (7):
[00:59:34] [main/DEBUG] [REI]  - EntryTypeRegistryImpl
[00:59:34] [main/DEBUG] [REI]  - EntrySettingsAdapterRegistryImpl
[00:59:34] [main/DEBUG] [REI]  - RecipeManagerContextImpl
[00:59:34] [main/DEBUG] [REI]  - ItemComparatorRegistryImpl
[00:59:34] [main/DEBUG] [REI]  - FluidComparatorRegistryImpl
[00:59:34] [main/DEBUG] [REI]  - DisplaySerializerRegistryImpl
[00:59:34] [main/DEBUG] [REI]  - FluidSupportProviderImpl
[00:59:34] [main/DEBUG] [REI] Plugins (3):
[00:59:34] [main/DEBUG] [REI]  - (-100.00) DefaultPlugin of DefaultPlugin [roughlyenoughitems]
[00:59:34] [main/DEBUG] [REI]  - (0.00) FabricFluidAPISupportPlugin
[00:59:34] [main/DEBUG] [REI]  - (0.00) DefaultRuntimePlugin of DefaultRuntimePlugin [roughlyenoughitems]
[00:59:34] [main/DEBUG] [REI] ========================================
[00:59:34] [main/TRACE] [REI] [REIPlugin END] Reloading Section: "post-register/"
[00:59:34] [main/TRACE] [REI] [REIPlugin END] Reloading Section: "post-register/DefaultPlugin of DefaultPlugin [roughlyenoughitems]/"
[00:59:34] [main/TRACE] [REI] [REIPlugin END] Reloading Section: "post-register/DefaultPlugin of DefaultPlugin [roughlyenoughitems]/" done in 33.50 μs
[00:59:34] [main/TRACE] [REI] [REIPlugin END] Reloading Section: "post-register/FabricFluidAPISupportPlugin/"
[00:59:34] [main/TRACE] [REI] [REIPlugin END] Reloading Section: "post-register/FabricFluidAPISupportPlugin/" done in 25.20 μs
[00:59:34] [main/TRACE] [REI] [REIPlugin END] Reloading Section: "post-register/DefaultRuntimePlugin of DefaultRuntimePlugin [roughlyenoughitems]/"
[00:59:34] [main/TRACE] [REI] [REIPlugin END] Reloading Section: "post-register/DefaultRuntimePlugin of DefaultRuntimePlugin [roughlyenoughitems]/" done in 89.30 μs
[00:59:34] [main/TRACE] [REI] [REIPlugin END] Reloading Section: "post-register/" done in 407.8 μs
[00:59:34] [main/TRACE] [REI] [REIPlugin END] Reloading Section: "post-stage/"
[00:59:34] [main/TRACE] [REI] [REIPlugin END] Reloading Section: "post-stage/EntryTypeRegistryImpl/"
[00:59:34] [main/TRACE] [REI] [REIPlugin END] Reloading Section: "post-stage/EntryTypeRegistryImpl/" done in 18.70 μs
[00:59:34] [main/TRACE] [REI] [REIPlugin END] Reloading Section: "post-stage/EntrySettingsAdapterRegistryImpl/"
[00:59:34] [main/TRACE] [REI] [REIPlugin END] Reloading Section: "post-stage/EntrySettingsAdapterRegistryImpl/" done in 28.50 μs
[00:59:34] [main/TRACE] [REI] [REIPlugin END] Reloading Section: "post-stage/RecipeManagerContextImpl/"
[00:59:34] [main/TRACE] [REI] [REIPlugin END] Reloading Section: "post-stage/RecipeManagerContextImpl/" done in 16.40 μs
[00:59:34] [main/TRACE] [REI] [REIPlugin END] Reloading Section: "post-stage/ItemComparatorRegistryImpl/"
[00:59:34] [main/TRACE] [REI] [REIPlugin END] Reloading Section: "post-stage/ItemComparatorRegistryImpl/" done in 16.80 μs
[00:59:34] [main/TRACE] [REI] [REIPlugin END] Reloading Section: "post-stage/FluidComparatorRegistryImpl/"
[00:59:34] [main/TRACE] [REI] [REIPlugin END] Reloading Section: "post-stage/FluidComparatorRegistryImpl/" done in 40.20 μs
[00:59:34] [main/TRACE] [REI] [REIPlugin END] Reloading Section: "post-stage/DisplaySerializerRegistryImpl/"
[00:59:34] [main/TRACE] [REI] [REIPlugin END] Reloading Section: "post-stage/DisplaySerializerRegistryImpl/" done in 22.60 μs
[00:59:34] [main/TRACE] [REI] [REIPlugin END] Reloading Section: "post-stage/FluidSupportProviderImpl/"
[00:59:34] [main/TRACE] [REI] [REIPlugin END] Reloading Section: "post-stage/FluidSupportProviderImpl/" done in 18.00 μs
[00:59:34] [main/TRACE] [REI] [REIPlugin END] Reloading Section: "post-stage/" done in 626.7 μs
[00:59:34] [main/DEBUG] [REI] ========================================
[00:59:34] [main/INFO] [REI] REIPlugin finished post-reload for END in 1.101 ms, totaling 44.25 ms.
[00:59:34] [main/DEBUG] [REI] ========================================
[00:59:34] [main/DEBUG] [REI] ========================================
[00:59:34] [main/DEBUG] [REI] REIServerPlugin starting post-reload for END.
[00:59:34] [main/DEBUG] [REI] Reloadables (2):
[00:59:34] [main/DEBUG] [REI]  - MenuInfoRegistryImpl
[00:59:34] [main/DEBUG] [REI]  - SlotAccessorRegistryImpl
[00:59:34] [main/DEBUG] [REI] Plugins (3):
[00:59:34] [main/DEBUG] [REI]  - (-100.00) DefaultPlugin of DefaultPlugin [roughlyenoughitems]
[00:59:34] [main/DEBUG] [REI]  - (0.00) FabricFluidAPISupportPlugin
[00:59:34] [main/DEBUG] [REI]  - (0.00) DefaultRuntimePlugin of DefaultRuntimePlugin [roughlyenoughitems]
[00:59:34] [main/DEBUG] [REI] ========================================
[00:59:34] [main/TRACE] [REI] [REIServerPlugin END] Reloading Section: "post-register/"
[00:59:34] [main/TRACE] [REI] [REIServerPlugin END] Reloading Section: "post-register/DefaultPlugin of DefaultPlugin [roughlyenoughitems]/"
[00:59:34] [main/TRACE] [REI] [REIServerPlugin END] Reloading Section: "post-register/DefaultPlugin of DefaultPlugin [roughlyenoughitems]/" done in 32.30 μs
[00:59:34] [main/TRACE] [REI] [REIServerPlugin END] Reloading Section: "post-register/FabricFluidAPISupportPlugin/"
[00:59:34] [main/TRACE] [REI] [REIServerPlugin END] Reloading Section: "post-register/FabricFluidAPISupportPlugin/" done in 25.40 μs
[00:59:34] [main/TRACE] [REI] [REIServerPlugin END] Reloading Section: "post-register/DefaultRuntimePlugin of DefaultRuntimePlugin [roughlyenoughitems]/"
[00:59:34] [main/TRACE] [REI] [REIServerPlugin END] Reloading Section: "post-register/DefaultRuntimePlugin of DefaultRuntimePlugin [roughlyenoughitems]/" done in 24.00 μs
[00:59:34] [main/TRACE] [REI] [REIServerPlugin END] Reloading Section: "post-register/" done in 276.2 μs
[00:59:34] [main/TRACE] [REI] [REIServerPlugin END] Reloading Section: "post-stage/"
[00:59:34] [main/TRACE] [REI] [REIServerPlugin END] Reloading Section: "post-stage/MenuInfoRegistryImpl/"
[00:59:34] [main/TRACE] [REI] [REIServerPlugin END] Reloading Section: "post-stage/MenuInfoRegistryImpl/" done in 23.20 μs
[00:59:34] [main/TRACE] [REI] [REIServerPlugin END] Reloading Section: "post-stage/SlotAccessorRegistryImpl/"
[00:59:34] [main/TRACE] [REI] [REIServerPlugin END] Reloading Section: "post-stage/SlotAccessorRegistryImpl/" done in 18.50 μs
[00:59:34] [main/TRACE] [REI] [REIServerPlugin END] Reloading Section: "post-stage/" done in 134.1 μs
[00:59:34] [main/DEBUG] [REI] ========================================
[00:59:34] [main/INFO] [REI] REIServerPlugin finished post-reload for END in 494.0 μs, totaling 12.54 ms.
[00:59:34] [main/DEBUG] [REI] ========================================
